This is pdfTeX, Version 3.14159-1.00c-pretest-20020426 (MiKTeX 2.2) (preloaded format=latex 2000.11.28)  27 JUL 2004 14:26
**listing
(listing.tex{pdftex.cfg}
LaTeX2e <2001/06/01>
Babel <v3.7h> and hyphenation patterns for english, french, german, ngerman, du
mylang, nohyphenation, loaded.
(C:\texmf\tex\latex\base\article.cls
Document Class: article 2001/04/21 v1.4e Standard LaTeX document class
(C:\texmf\tex\latex\base\size10.clo
File: size10.clo 2001/04/21 v1.4e Standard LaTeX file (size option)
)
\c@part=\count79
\c@section=\count80
\c@subsection=\count81
\c@subsubsection=\count82
\c@paragraph=\count83
\c@subparagraph=\count84
\c@figure=\count85
\c@table=\count86
\abovecaptionskip=\skip41
\belowcaptionskip=\skip42
\bibindent=\dimen102
) (commands.tex
\modwidth=\skip43
\modskip=\skip44
\@modheight=\skip45
\@modpos=\skip46
) (fancyvrb.sty
Package: fancyvrb 2000/03/21

Style option: `fancyvrb' v2.7, with DG/SPQR fixes <2000/03/21> (tvz)
(C:\texmf\tex\latex\graphics\keyval.sty
Package: keyval 1999/03/16 v1.13 key=value parser (DPC)
\KV@toks@=\toks14
)
\FV@CodeLineNo=\count87
\FV@InFile=\read1
\FV@TabBox=\box26
\c@FancyVerbLine=\count88
\FV@StepNumber=\count89
\FV@OutFile=\write3
)
(C:\texmf\tex\latex\listings\listings.sty
Package: listings 2002/04/01 1.0 (Carsten Heinz)
\lst@mode=\count90
\lst@gtempboxa=\box27
\lst@token=\toks15
\lst@length=\count91
\lst@currlwidth=\dimen103
\lst@column=\count92
\lst@pos=\count93
\lst@lostspace=\dimen104
\lst@width=\dimen105
\lst@newlines=\count94
\lst@lineno=\count95
\c@lstlisting=\count96
\lst@maxwidth=\dimen106

(C:\texmf\tex\latex\listings\lstpatch.sty
File: lstpatch.sty 2002/07/31 1.0e (Carsten Heinz)
)
(C:\texmf\tex\latex\listings\lstmisc.sty
File: lstmisc.sty 2002/04/01 1.0 (Carsten Heinz)
\c@lstnumber=\count97
\lst@skipnumbers=\count98
\lst@framebox=\box28
)
(C:\texmf\tex\latex\listings\listings.cfg
File: listings.cfg 2002/04/01 v1.0 listings configuration
))
(C:\texmf\tex\latex\listings\lstlang1.sty
File: lstlang1 2002/06/17 v1.0b listings language file
)
(C:\texmf\tex\latex\listings\lstlang2.sty
File: lstlang2 2002/06/17 v1.0b listings language file
)
(C:\texmf\tex\latex\listings\lstlang3.sty
File: lstlang3 2002/06/17 v1.0b listings language file
)

! Package Listings Error: Couldn't load requested language.

See the Listings package documentation for explanation.
Type  H <return>  for immediate help.
 ...                                      
                                          
l.5 \lstloadlanguages{X10}
                          
? x
No pages of output.
