This is pdfeTeX, Version 3.141592-1.11b-2.1 (MiKTeX 2.4) (preloaded format=latex 2000.11.28)  25 JUL 2004 07:48
entering extended mode
**clocks3
(C:\texmf\tex\latex\tools\x.tex{pdftex.cfg}
LaTeX2e <2001/06/01>
Babel <v3.7m> and hyphenation patterns for english, french, german, ngerman, du
mylang, nohyphenation, loaded.

 ) 
Here is how much of TeX's memory you used:
 7 strings out of 95518
 59 string characters out of 1189726
 44514 words of memory out of 1048577
 3177 multiletter control sequences out of 35000
 3640 words of font info for 14 fonts, out of 500000 for 1000
 14 hyphenation exceptions out of 607
 5i,0n,1p,88b,8s stack positions out of 1500i,500n,5000p,200000b,32768s
 0 PDF objects out of 65536
 0 named destinations out of 20000
 1 words of extra memory for PDF output out of 65536

No pages of output.
