This is pdfeTeX, Version 3.141592-1.11b-2.1 (MiKTeX 2.4) (preloaded format=latex 2000.11.28)  18 JUN 2004 22:50
entering extended mode
**clocks2
(clocks2.tex{pdftex.cfg}
LaTeX2e <2001/06/01>
Babel <v3.7m> and hyphenation patterns for english, french, german, ngerman, du
mylang, nohyphenation, loaded.
(C:\texmf\tex\latex\base\article.cls
Document Class: article 2001/04/21 v1.4e Standard LaTeX document class
(C:\texmf\tex\latex\base\size10.clo
File: size10.clo 2001/04/21 v1.4e Standard LaTeX file (size option)
)
\c@part=\count79
\c@section=\count80
\c@subsection=\count81
\c@subsubsection=\count82
\c@paragraph=\count83
\c@subparagraph=\count84
\c@figure=\count85
\c@table=\count86
\abovecaptionskip=\skip41
\belowcaptionskip=\skip42
\bibindent=\dimen102
) (C:\texmf\tex\latex\preprint\fullpage.sty
Package: fullpage 1999/02/23 1.1 (PWD)
\FP@margin=\skip43
) (C:\texmf\tex\latex\amsfonts\amssymb.sty
Package: amssymb 2002/01/22 v2.2d

(C:\texmf\tex\latex\amsfonts\amsfonts.sty
Package: amsfonts 2001/10/25 v2.2f
\@emptytoks=\toks14
\symAMSa=\mathgroup4
\symAMSb=\mathgroup5
LaTeX Font Info:    Overwriting math alphabet `\mathfrak' in version `bold'
(Font)                  U/euf/m/n --> U/euf/b/n on input line 132.
))
\c@example=\count87
 (clocks2.aux)
LaTeX Font Info:    Checking defaults for OML/cmm/m/it on input line 58.
LaTeX Font Info:    ... okay on input line 58.
LaTeX Font Info:    Checking defaults for T1/cmr/m/n on input line 58.
LaTeX Font Info:    ... okay on input line 58.
LaTeX Font Info:    Checking defaults for OT1/cmr/m/n on input line 58.
LaTeX Font Info:    ... okay on input line 58.
LaTeX Font Info:    Checking defaults for OMS/cmsy/m/n on input line 58.
LaTeX Font Info:    ... okay on input line 58.
LaTeX Font Info:    Checking defaults for OMX/cmex/m/n on input line 58.
LaTeX Font Info:    ... okay on input line 58.
LaTeX Font Info:    Checking defaults for U/cmr/m/n on input line 58.
LaTeX Font Info:    ... okay on input line 58.
LaTeX Font Info:    Try loading font information for U+msa on input line 66.

(C:\texmf\tex\latex\amsfonts\umsa.fd
File: umsa.fd 2002/01/19 v2.2g AMS font definitions
)
LaTeX Font Info:    Try loading font information for U+msb on input line 66.
 (C:\texmf\tex\latex\amsfonts\umsb.fd
File: umsb.fd 2002/01/19 v2.2g AMS font definitions
)
LaTeX Font Info:    Try loading font information for OMS+cmtt on input line 95.

LaTeX Font Info:    No file OMScmtt.fd. on input line 95.


LaTeX Font Warning: Font shape `OMS/cmtt/m/n' undefined
(Font)              using `OMS/cmsy/m/n' instead
(Font)              for symbol `textbraceleft' on input line 95.

[1

{psfonts.map}] [2] [3] (clocks2.bbl [4]) [5] (clocks2.aux)

LaTeX Font Warning: Some font shapes were not available, defaults substituted.

 ) 
Here is how much of TeX's memory you used:
 674 strings out of 95518
 6376 string characters out of 1189726
 51030 words of memory out of 1050997
 3744 multiletter control sequences out of 35000
 15007 words of font info for 58 fonts, out of 500000 for 1000
 14 hyphenation exceptions out of 607
 30i,11n,24p,242b,290s stack positions out of 1500i,500n,5000p,200000b,32768s
 85 PDF objects out of 65536
 0 named destinations out of 20000
 1 words of extra memory for PDF output out of 65536
<cmti8.pfb><cmr7.pfb><cmmi7.pfb><cmbx10.pfb><cmss8.pfb><cmtt8.pfb><cmr8.pfb><
cmsy6.pfb><cmmi10.pfb><cmsy10.pfb><cmti10.pfb><cmtt10.pfb><cmr10.pfb><cmss10.pf
b><cmbx12.pfb><cmss9.pfb><cmr9.pfb><cmbx9.pfb><cmsy8.pfb><cmr12.pfb><cmcsc10.pf
b><cmr17.pfb><cmss17.pfb>
Output written on clocks2.pdf (5 pages, 190533 bytes).
