This is e-TeX, Version 3.141592-2.2 (MiKTeX 2.4) (preloaded format=latex 2005.4.13)  13 APR 2005 16:42
entering extended mode
**x10
(x10.tex
LaTeX2e <2003/12/01>
Babel <v3.8a> and hyphenation patterns for english, french, german, ngerman, du
mylang, nohyphenation, loaded.
(algol60.cls
Document Class: algol60 1997/03/13 Algol 60 document class
(C:\texmf\tex\latex\base\size10.clo
File: size10.clo 2004/02/16 v1.4f Standard LaTeX file (size option)
)
\c@part=\count79
\c@chapter=\count80
\c@section=\count81
\c@subsection=\count82
\c@subsubsection=\count83
\c@paragraph=\count84
\c@subparagraph=\count85
\c@figure=\count86
\c@table=\count87
\abovecaptionskip=\skip41
\belowcaptionskip=\skip42
\bibindent=\dimen102
) (changebar.sty
Package: changebar 2004/02/20 v3.4g Indicate changes with marginal bars
\cb@nextpoint=\count88
\cb@topleft=\count89
\cb@topright=\count90
\cb@botleft=\count91
\cb@botright=\count92
\cb@cnta=\count93
\cb@cntb=\count94
\cb@dima=\dimen103
\cb@curbarwd=\dimen104
\cb@page=\count95
\cb@pagecount=\count96
\cb@odd@left=\dimen105
\cb@odd@right=\dimen106
\cb@even@left=\dimen107
\cb@even@right=\dimen108
\changebarwidth=\skip43
\deletebarwidth=\skip44
\changebarsep=\skip45
\c@changebargrey=\count97
\cb@write=\write3
\cb@read=\read1
)
\@indexfile=\write4

Writing index file x10.idx
(commands.tex
\modwidth=\skip46
\modskip=\skip47
\@modheight=\skip48
\@modpos=\skip49
) (x10.aux)
LaTeX Font Info:    Checking defaults for OML/cmm/m/it on input line 38.
LaTeX Font Info:    ... okay on input line 38.
LaTeX Font Info:    Checking defaults for T1/cmr/m/n on input line 38.
LaTeX Font Info:    ... okay on input line 38.
LaTeX Font Info:    Checking defaults for OT1/cmr/m/n on input line 38.
LaTeX Font Info:    ... okay on input line 38.
LaTeX Font Info:    Checking defaults for OMS/cmsy/m/n on input line 38.
LaTeX Font Info:    ... okay on input line 38.
LaTeX Font Info:    Checking defaults for OMX/cmex/m/n on input line 38.
LaTeX Font Info:    ... okay on input line 38.
LaTeX Font Info:    Checking defaults for U/cmr/m/n on input line 38.
LaTeX Font Info:    ... okay on input line 38.
 (first.tex
LaTeX Font Info:    External font `cmex10' loaded for size
(Font)              <7> on input line 29.
LaTeX Font Info:    External font `cmex10' loaded for size
(Font)              <5> on input line 29.

Underfull \hbox (badness 1960) in paragraph at lines 53--72
\OT1/cmr/m/n/10 D\OT1/cmr/m/sc/7 ONAWA\OT1/cmr/m/n/10 , J\OT1/cmr/m/sc/7 ULIAN 
\OT1/cmr/m/n/10 D\OT1/cmr/m/sc/7 OLBY\OT1/cmr/m/n/10 , K\OT1/cmr/m/sc/7 EMAL \O
T1/cmr/m/n/10 E\OT1/cmr/m/sc/7 BCIO[]GLU\OT1/cmr/m/n/10 , P\OT1/cmr/m/sc/7 ATRI
CK

\hbox(6.83331+1.94444)x254.0, glue set 2.69781 []


Underfull \hbox (badness 1412) in paragraph at lines 84--93
\OT1/cmr/m/n/10 V\OT1/cmr/m/sc/7 IJAY \OT1/cmr/m/n/10 S\OT1/cmr/m/sc/7 ARASWAT\
OT1/cmr/m/n/10 , C\OT1/cmr/m/sc/7 HRISTOPH von \OT1/cmr/m/n/10 P\OT1/cmr/m/sc/7
 RAUN\OT1/cmr/m/n/10 , and K\OT1/cmr/m/sc/7 EMAL

\hbox(6.94444+1.94444)x254.0, glue set 2.41902 []

(x10.toc
LaTeX Font Info:    External font `cmex10' loaded for size
(Font)              <8> on input line 1.
LaTeX Font Info:    External font `cmex10' loaded for size
(Font)              <6> on input line 1.
)
\tf@toc=\write5
 [1

]) (XtenIntro.tex) [2

] (XtenOverview.tex
 1.
LaTeX Font Info:    Try loading font information for OMS+cmr on input line 10.
(C:\texmf\tex\latex\base\omscmr.fd
File: omscmr.fd 1999/05/25 v2.5h Standard LaTeX font definitions
)
LaTeX Font Info:    Font shape `OMS/cmr/m/n' in size <10> not available
(Font)              Font shape `OMS/cmsy/m/n' tried instead on input line 10.
 [3

] [4]) (XtenLex.tex
 2.
[5]
LaTeX Font Info:    Try loading font information for OMS+cmtt on input line 55.

LaTeX Font Info:    No file OMScmtt.fd. on input line 55.


LaTeX Font Warning: Font shape `OMS/cmtt/m/n' undefined
(Font)              using `OMS/cmsy/m/n' instead
(Font)              for symbol `textbraceleft' on input line 55.

) (XtenTypes.tex
 3.
[6] (NullableTypeConstructor.tex [7]) (FutureTypes.tex) (ArrayTypes.tex
[8]) (PlaceTypes.tex [9]) [10]
Underfull \hbox (badness 2181) in paragraph at lines 170--173
[]\OT1/cmss/m/n/10 X10 \OT1/cmr/m/n/10 fol-lows \OT1/cmss/m/n/10 Java \OT1/cmr/
m/n/10 lan-guage rules in this re-spect [[],

\hbox(7.5+2.5)x254.0, glue set 2.79582 []


Underfull \hbox (badness 10000) in paragraph at lines 207--216
[]\OT1/cmr/m/n/10 All value and ref-er-ence classes sub-class from

\hbox(6.94444+0.0)x254.0, glue set 5.94168 []


Underfull \hbox (badness 2253) in paragraph at lines 207--216
\OT1/cmtt/m/n/10 x10.lang.Object\OT1/cmr/m/n/10 . This class has one \OT1/cmtt/
m/n/10 const \OT1/cmr/m/n/10 field

\hbox(6.94444+2.22223)x254.0, glue set 2.82507 []

[11]
Underfull \hbox (badness 3333) in paragraph at lines 360--365
\OT1/cmss/m/n/10 X10 v0.4x \OT1/cmr/m/n/10 pro-gram-mers may im-port and use \O
T1/cmss/m/n/10 Java

\hbox(6.94444+1.94444)x254.0, glue set 3.21902 []


Underfull \hbox (badness 2253) in paragraph at lines 360--365
\OT1/cmr/m/n/10 pack-ages such as \OT1/cmtt/m/n/10 java.util\OT1/cmr/m/n/10 , e
.g. \OT1/cmtt/m/n/10 java.util.Set\OT1/cmr/m/n/10 ,

\hbox(6.94444+2.22223)x254.0, glue set 2.82768 []

[12]) (XtenPackages.tex
 4.
) (XtenPlaces.tex
 5.

Underfull \hbox (badness 1953) in paragraph at lines 26--30
[]\OT1/cmr/m/n/10 The set of all places in a run-ning in-stance of an

\hbox(6.94444+1.94444)x254.0, glue set 2.69499 []


Underfull \hbox (badness 7081) in paragraph at lines 47--51
\OT1/cmr/m/n/10 Ex-am-ples of place ex-pres-sions are \OT1/cmtt/m/n/10 this.loc
ation

\hbox(6.94444+1.94444)x254.0, glue set 4.14006 []


Underfull \hbox (badness 10000) in paragraph at lines 47--51
\OT1/cmr/m/n/10 (the place at which the cur-rent ob-ject lives),

\hbox(7.5+2.5)x254.0, glue set 5.02382 []


Underfull \hbox (badness 1005) in paragraph at lines 47--51
\OT1/cmtt/m/n/10 place.FIRST[]PLACE \OT1/cmr/m/n/10 (the first place in the sys
-tem in

\hbox(7.5+2.5)x254.0, glue set 2.15971 []

[13]) (XtenActivities.tex
 6.
[14] [15] [16] [17] [18]
Underfull \hbox (badness 2197) in paragraph at lines 659--661
[]\OT1/cmr/m/n/10 If the method named is \OT1/cmtt/m/n/10 void \OT1/cmr/m/n/10 
the ex-pres-sion \OT1/cmtt/m/n/10 o ->

\hbox(6.94444+1.94444)x254.0, glue set 2.80211 []


Underfull \hbox (badness 8075) in paragraph at lines 737--745
[]\OT1/cmr/m/n/10 Here the ex-pres-sion is in-tended to be of type

\hbox(6.94444+1.94444)x254.0, glue set 4.325 []

[19]) (XtenClocks.tex
 7.

Underfull \hbox (badness 1394) in paragraph at lines 76--78
\OT1/cmr/m/n/10 Clocks are cre-ated us-ing the nullary con-struc-tor for

\hbox(6.94444+1.94444)x254.0, glue set 2.4095 []


Underfull \hbox (badness 1389) in paragraph at lines 92--97
[]\OT1/cmr/m/n/10 The cur-rent ac-tiv-ity is au-to-mat-i-cally reg-is-tered wit
h

\hbox(6.94444+1.94444)x254.0, glue set 2.40553 []


Underfull \hbox (badness 2343) in paragraph at lines 92--97
\OT1/cmr/m/n/10 the newly cre-ated clock. It may dereg-is-ter us-ing

\hbox(6.94444+1.94444)x254.0, glue set 2.8648 []

[20] [21]) (XtenInterfaces.tex
 8.
) (XtenClasses.tex
 9.

Underfull \hbox (badness 4595) in paragraph at lines 14--21
[]\OT1/cmr/m/n/10 Method sig-na-tures may spec-ify checked ex-cep-tions.

\hbox(6.94444+1.94444)x254.0, glue set 3.58331 []

[22] [23]) (XtenArrays.tex
 10.
(XtenRegions.tex [24]) (XtenDistributions.tex
Underfull \hbox (badness 3954) in paragraph at lines 4--12
\OT1/cmr/m/n/10 A \OT1/cmr/m/it/10 dis-tri-b-u-tion \OT1/cmr/m/n/10 is a map-pi
ng from a re-gion to a

\hbox(6.94444+1.94444)x254.0, glue set 3.4104 []


Underfull \hbox (badness 1540) in paragraph at lines 4--12
\OT1/cmr/m/n/10 set of places. \OT1/cmss/m/n/10 X10 \OT1/cmr/m/n/10 pro-vides a
 built-in value class,

\hbox(6.94444+1.94444)x254.0, glue set 2.48833 []


Underfull \hbox (badness 1490) in paragraph at lines 47--50
\OT1/cmr/m/n/10 Let \OT1/cmtt/m/n/10 R \OT1/cmr/m/n/10 be a re-gion, \OT1/cmtt/
m/n/10 Q \OT1/cmr/m/n/10 a set of places \OMS/cmtt/m/n/10 f\OT1/cmtt/m/n/10 p1,
...,pk\OMS/cmtt/m/n/10 g

\hbox(7.5+2.5)x254.0, glue set 2.46393 []


Underfull \hbox (badness 1248) in paragraph at lines 59--66
 \OT1/cmr/bx/n/10 Block dis-tri-b-u-tions.[] \OT1/cmr/m/n/10 The dis-tri-b-u-ti
on \OT1/cmtt/m/n/10 block(R, Q)

\hbox(6.94444+1.38887)x254.0, glue set 2.3224 []


Underfull \hbox (badness 10000) in paragraph at lines 83--86
 \OT1/cmr/bx/n/10 Block cyclic dis-tri-b-u-tions.[] \OT1/cmr/m/n/10 The dis-tri
-b-u-tion

\hbox(6.94444+1.94444)x254.0, glue set 7.57286 []


Underfull \hbox (badness 1675) in paragraph at lines 83--86
\OT1/cmtt/m/n/10 blockCyclic(R, N, Q) \OT1/cmr/m/n/10 dis-trib-utes the el-e-me
nts of \OT1/cmtt/m/n/10 R

\hbox(6.94444+2.22223)x254.0, glue set 2.56062 []


Underfull \hbox (badness 10000) in paragraph at lines 88--91
 \OT1/cmr/bx/n/10 Ar-bi-trary dis-tri-b-u-tions.[] \OT1/cmr/m/n/10 The dis-tri-
b-u-tion

\hbox(6.94444+1.94444)x254.0, glue set 14.78044 []


Underfull \hbox (badness 2418) in paragraph at lines 88--91
\OT1/cmtt/m/n/10 arbitrary(R,Q) \OT1/cmr/m/n/10 ar-bi-trar-ily al-lo-cates poin
ts in \OT1/cmtt/m/n/10 R \OT1/cmr/m/n/10 to

\hbox(6.94444+2.22223)x254.0, glue set 2.89548 []

[25]
Underfull \hbox (badness 10000) in paragraph at lines 146--150
 \OT1/cmr/bx/n/10 Asym-met-ric union of dis-tri-b-u-tions.[]

\hbox(6.94444+1.94444)x254.0, glue set 13.39806 []

) [26] [27])
Underfull \hbox (badness 10000) in paragraph at lines 186--58
[]\OT1/cmr/m/n/10 Other op-er-a-tions on ar-rays may be found in

\hbox(6.94444+1.94444)x254.0, glue set 5.20476 []

(XtenStatements.tex
 11.
(XtenExpressions.tex [28])) (extern.tex [29]
Underfull \hbox (badness 1082) in paragraph at lines 86--88
 \OT1/cmr/bx/n/10 Ex-am-ple.[] \OT1/cmr/m/n/10 The fol-low-ing class il-lus-tra
tes the use of

\hbox(6.94444+1.94444)x254.0, glue set 2.21251 []

) (example.tex [30]) (x10-syntax.tex [31

]
Overfull \hbox (1.99542pt too wide) in paragraph at lines 548--548
[]\OT1/cmtt/m/n/10 48    NormalClassDeclaration ::= ClassModifiersopt class ide
ntifier Superopt Interfacesopt ClassBody[] 

\hbox(6.11111+2.22223)x523.0 []

[32

]
Underfull \vbox (badness 10000) has occurred while \output is active
\vbox(663.0+0.0)x523.0 []

 [33]
Overfull \hbox (22.99524pt too wide) in paragraph at lines 548--548
[]\OT1/cmtt/m/n/10 128   ConstructorDeclaration ::= ConstructorModifiersopt Con
structorDeclarator Throwsopt ConstructorBody[] 

\hbox(6.11111+2.22223)x523.0 []


Overfull \hbox (75.49478pt too wide) in paragraph at lines 548--548
[]\OT1/cmtt/m/n/10 143   NormalInterfaceDeclaration ::= InterfaceModifiersopt i
nterface identifier ExtendsInterfacesopt InterfaceBody[] 

\hbox(6.11111+2.22223)x523.0 []


Underfull \vbox (badness 10000) has occurred while \output is active
\vbox(663.0+0.0)x523.0 []

 [34]
Overfull \hbox (12.49533pt too wide) in paragraph at lines 548--548
[]\OT1/cmtt/m/n/10 168   AbstractMethodDeclaration ::= AbstractMethodModifierso
pt ResultType MethodDeclarator Throwsopt ;[] 

\hbox(6.11111+2.22223)x523.0 []


Underfull \vbox (badness 10000) has occurred while \output is active
\vbox(663.0+0.0)x523.0 []

 [35]
Overfull \hbox (1.99542pt too wide) in paragraph at lines 548--548
[]\OT1/cmtt/m/n/10 238   ForStatementNoShortIf ::= for ( ForInitopt ; Expressio
nopt ; ForUpdateopt ) StatementNoShortIf[] 

\hbox(6.94444+2.22223)x523.0 []


Underfull \vbox (badness 10000) has occurred while \output is active
\vbox(663.0+0.0)x523.0 []

 [36]
Underfull \vbox (badness 10000) has occurred while \output is active
\vbox(663.0+0.0)x523.0 []

 [37]
Underfull \vbox (badness 10000) has occurred while \output is active
\vbox(663.0+0.0)x523.0 []

 [38]
Underfull \vbox (badness 10000) has occurred while \output is active
\vbox(663.0+0.0)x523.0 []

 [39]
Underfull \vbox (badness 10000) has occurred while \output is active
\vbox(663.0+0.0)x523.0 []

 [40]
[41]) (x10-changes.tex
Underfull \hbox (badness 1527) in paragraph at lines 39--41
[]\OT1/cmr/m/n/10 Confine the use of \OT1/cmss/m/n/10 Java \OT1/cmr/m/n/10 to s
ys-tem classes, e.g.

\hbox(6.94444+1.94444)x233.99997, glue set 2.48485 []

) (x10.bbl
Underfull \hbox (badness 2426) in paragraph at lines 23--26
[]\OT1/cmr/m/n/10 Gilad Bracha et al.  Adding Gener-ics to the

\hbox(7.5+2.5)x233.4444, glue set 2.89606 []


Underfull \hbox (badness 2096) in paragraph at lines 23--26
\OT1/cmr/m/n/10 Java Pro-gram-ming Lan-guage, 2001.  JSR 014,

\hbox(6.83331+1.94444)x233.4444, glue set 2.7606 []


Underfull \hbox (badness 2310) in paragraph at lines 45--49
\OT1/cmr/m/n/10 Pe-dro V. Ar-ti-gas, Marc Snir, and Richard D.

\hbox(6.94444+1.94444)x233.4444, glue set 2.84888 []


Underfull \hbox (badness 5316) in paragraph at lines 45--49
\OT1/cmr/m/n/10 nu-mer-i-cal com-put-ing.  \OT1/cmr/m/it/10 IBM Sys-tems Jour-n
al\OT1/cmr/m/n/10 ,

\hbox(6.94444+1.94444)x233.4444, glue set 3.76123 []

) [42

] (x10.ind [43

]) [44

] (x10.aux)

LaTeX Font Warning: Some font shapes were not available, defaults substituted.

 ) 
Here is how much of TeX's memory you used:
 766 strings out of 95898
 7838 string characters out of 1195288
 76754 words of memory out of 1066707
 3707 multiletter control sequences out of 60000
 11289 words of font info for 41 fonts, out of 500000 for 1000
 14 hyphenation exceptions out of 607
 26i,8n,19p,238b,300s stack positions out of 1500i,500n,5000p,200000b,32768s

Output written on x10.dvi (44 pages, 250516 bytes).
