This is pdfTeX, Version 3.14159-1.00c-pretest-20020426 (MiKTeX 2.2) (preloaded format=latex 2000.11.28)  24 DEC 2004 12:30
**toplevel
(toplevel.tex{pdftex.cfg}
LaTeX2e <2001/06/01>
Babel <v3.7h> and hyphenation patterns for english, french, german, ngerman, du
mylang, nohyphenation, loaded.
(algol60.cls
Document Class: algol60 1997/03/13 Algol 60 document class
(C:\texmf\tex\latex\base\size10.clo
File: size10.clo 2001/04/21 v1.4e Standard LaTeX file (size option)
)
\c@part=\count79
\c@chapter=\count80
\c@section=\count81
\c@subsection=\count82
\c@subsubsection=\count83
\c@paragraph=\count84
\c@subparagraph=\count85
\c@figure=\count86
\c@table=\count87
\abovecaptionskip=\skip41
\belowcaptionskip=\skip42
\bibindent=\dimen102
)
\@indexfile=\write3

Writing index file toplevel.idx
(commands.tex
\modwidth=\skip43
\modskip=\skip44
\@modheight=\skip45
\@modpos=\skip46
) (toplevel.aux)
LaTeX Font Info:    Checking defaults for OML/cmm/m/it on input line 35.
LaTeX Font Info:    ... okay on input line 35.
LaTeX Font Info:    Checking defaults for T1/cmr/m/n on input line 35.
LaTeX Font Info:    ... okay on input line 35.
LaTeX Font Info:    Checking defaults for OT1/cmr/m/n on input line 35.
LaTeX Font Info:    ... okay on input line 35.
LaTeX Font Info:    Checking defaults for OMS/cmsy/m/n on input line 35.
LaTeX Font Info:    ... okay on input line 35.
LaTeX Font Info:    Checking defaults for OMX/cmex/m/n on input line 35.
LaTeX Font Info:    ... okay on input line 35.
LaTeX Font Info:    Checking defaults for U/cmr/m/n on input line 35.
LaTeX Font Info:    ... okay on input line 35.
 (DependentTypes.tex
\c@example=\count88
 [1{psfonts.map}

]
Underfull \hbox (badness 1142) in paragraph at lines 188--190
[]/cmti10/MetaNote Need to de-ter-mine rules for over-rid-ing for

\hbox(6.94444+1.94444)x254.0, glue set 2.2538 []

LaTeX Font Info:    Try loading font information for OMS+cmr on input line 194.

(C:\texmf\tex\latex\base\omscmr.fd
File: omscmr.fd 1999/05/25 v2.5h Standard LaTeX font definitions
)
LaTeX Font Info:    Font shape `OMS/cmr/m/it' in size <10> not available
(Font)              Font shape `OMS/cmsy/m/n' tried instead on input line 194.
LaTeX Font Info:    External font `cmex10' loaded for size
(Font)              <7> on input line 256.
LaTeX Font Info:    External font `cmex10' loaded for size
(Font)              <5> on input line 256.
LaTeX Font Info:    External font `cmex10' loaded for size
(Font)              <8> on input line 261.
LaTeX Font Info:    External font `cmex10' loaded for size
(Font)              <6> on input line 261.
 [2]
Overfull \hbox (43.50427pt too wide) in paragraph at lines 400--400
[]/cmtt8//** A region represents a k-dimensional space of points. A region is a
[] 

\hbox(5.55556+1.77777)x254.0 []


Overfull \hbox (39.25421pt too wide) in paragraph at lines 400--400
[] /cmtt8/* dependent class, with the value parameter specifying the dimension[
] 

\hbox(4.88889+1.77777)x254.0 []


Overfull \hbox (30.75409pt too wide) in paragraph at lines 400--400
[]/cmtt8/public final value class region( int dimension : dimension >= 0 ) {[] 


\hbox(5.55556+1.77777)x254.0 []


Overfull \hbox (128.5055pt too wide) in paragraph at lines 400--400
[]    /cmtt8/native public region: dimension==1(int low, int high) throws Malfo
rmedRegionException;[] 

\hbox(5.55556+1.77777)x254.0 []


Overfull \hbox (69.00464pt too wide) in paragraph at lines 400--400
[]    /cmtt8//** Throws DimensionMismatchException if regions does not have dim
ension[] 

\hbox(5.55556+1.77777)x254.0 []


Overfull \hbox (94.505pt too wide) in paragraph at lines 400--400
[]    /cmtt8/native public region( region(1).. regions ) throws DimensionMismat
chException;[] 

\hbox(5.55556+1.77777)x254.0 []


Overfull \hbox (39.25421pt too wide) in paragraph at lines 400--400
[]    /cmtt8//** Throws IndexOutOfBoundException if i > dimension. Returns the[
] 

\hbox(5.55556+1.77777)x254.0 []


Overfull \hbox (13.75385pt too wide) in paragraph at lines 400--400
[]/cmtt8/region(1) associated with the i'th dimension of this otherwise.[] 

\hbox(5.55556+1.77777)x254.0 []


Overfull \hbox (77.50476pt too wide) in paragraph at lines 400--400
[]    /cmtt8/native public region(1) dimension( int i) throws IndexOutOfBoundEx
ception;[] 

\hbox(5.55556+1.77777)x254.0 []


Overfull \hbox (35.00415pt too wide) in paragraph at lines 400--400
[]    /cmtt8//** Returns true iff the region contains every point between two[]
 

\hbox(5.55556+1.77777)x254.0 []


Overfull \hbox (5.25372pt too wide) in paragraph at lines 400--400
[]    /cmtt8/native public static region(2) upperTriangular(int size);[] 

\hbox(5.55556+1.77777)x254.0 []


Overfull \hbox (60.50452pt too wide) in paragraph at lines 400--400
[]    /cmtt8//** The dependent type parameter dim is referenced in the return t
ype.[] 

\hbox(5.55556+1.77777)x254.0 []


Overfull \hbox (56.25446pt too wide) in paragraph at lines 400--400
[]    /cmtt8/native public static (int dim) region(dim) upperTriangular(int siz
e);[] 

\hbox(5.55556+1.77777)x254.0 []


Overfull \hbox (5.25372pt too wide) in paragraph at lines 400--400
[]    /cmtt8/native public static region(2) lowerTriangular(int size);[] 

\hbox(5.55556+1.77777)x254.0 []


Overfull \hbox (56.25446pt too wide) in paragraph at lines 400--400
[]    /cmtt8/native public static (int dim) region(dim) lowerTriangular(int siz
e);[] 

\hbox(5.55556+1.77777)x254.0 []


Overfull \hbox (13.75385pt too wide) in paragraph at lines 400--400
[]    /cmtt8/native public static region(2) banded(int size, int width);[] 

\hbox(5.55556+1.77777)x254.0 []


Overfull \hbox (64.75458pt too wide) in paragraph at lines 400--400
[]    /cmtt8/native public static (int dim) region(dim) banded(int size, int wi
dth);[] 

\hbox(5.55556+1.77777)x254.0 []


Overfull \hbox (30.75409pt too wide) in paragraph at lines 400--400
[]    /cmtt8//** Return the next element for a 1-dimensional region, if any.[] 


\hbox(5.55556+1.77777)x254.0 []


Overfull \hbox (128.5055pt too wide) in paragraph at lines 400--400
[]    /cmtt8/native public dimension == 1: int next( int current ) throws Index
OutOfBoundException;[] 

\hbox(5.55556+1.77777)x254.0 []


Overfull \hbox (18.0039pt too wide) in paragraph at lines 400--400
[]    /cmtt8/native public region(dimension) union( region(dimension) r);[] 

\hbox(5.55556+1.77777)x254.0 []


Overfull \hbox (47.75433pt too wide) in paragraph at lines 400--400
[]    /cmtt8/native public region(dimension) intersection( region(dimension) r)
;[] 

\hbox(5.55556+1.77777)x254.0 []


Overfull \hbox (39.25421pt too wide) in paragraph at lines 400--400
[]    /cmtt8/native public region(dimension) difference( region(dimension) r);[
] 

\hbox(5.55556+1.77777)x254.0 []

[3]
Overfull \hbox (13.75385pt too wide) in paragraph at lines 530--530
[]/cmtt8//** A distribution is a mapping from a given region to a set of[] 

\hbox(5.55556+1.77777)x254.0 []


Overfull \hbox (1.00366pt too wide) in paragraph at lines 530--530
[] /cmtt8/* places. It takes as parameter the region over which it is[] 

\hbox(4.88889+1.77777)x254.0 []


Overfull \hbox (39.25421pt too wide) in paragraph at lines 530--530
[] /cmtt8/* defined. The dimensionality of the distribution is the same as the[
] 

\hbox(4.88889+1.77777)x254.0 []


Overfull \hbox (56.25446pt too wide) in paragraph at lines 530--530
[]    /cmtt8//** The parameter dimension may be used in constructing types deri
ved[] 

\hbox(5.55556+1.77777)x254.0 []


Overfull \hbox (22.25397pt too wide) in paragraph at lines 530--530
[]     /cmtt8/* distribution(dimension=k) is the type of all k-dimensional[] 

\hbox(5.55556+1.77777)x254.0 []


Overfull \hbox (30.75409pt too wide) in paragraph at lines 530--530
[]    /cmtt8//** Contains the range of the distribution. Guranteed that if a[] 


\hbox(5.55556+1.77777)x254.0 []


Overfull \hbox (9.50378pt too wide) in paragraph at lines 530--530
[]     /cmtt8/* place P is in this set then for some point p in region,[] 

\hbox(4.88889+1.77777)x254.0 []


Overfull \hbox (52.0044pt too wide) in paragraph at lines 530--530
[]    /cmtt8/public final Set<place> places; // consider making this a paramete
r?[] 

\hbox(5.55556+1.77777)x254.0 []


Overfull \hbox (30.75409pt too wide) in paragraph at lines 530--530
[]    /cmtt8//** Returns the place to which the point p in region is mapped.[] 


\hbox(5.55556+1.77777)x254.0 []


Overfull \hbox (43.50427pt too wide) in paragraph at lines 530--530
[]    /cmtt8//** Returns the region mapped by this distribution to the place P.
[] 

\hbox(5.55556+1.77777)x254.0 []


Overfull \hbox (60.50452pt too wide) in paragraph at lines 530--530
[]    /cmtt8//** Returns the distribution obtained by range-restricting this to
 Ps.[] 

\hbox(5.55556+1.77777)x254.0 []


Overfull \hbox (124.25543pt too wide) in paragraph at lines 530--530
[]    /cmtt8/extern public distribution( dimension==this.dimension ) restrictio
n( Set<place> Ps );[] 

\hbox(5.55556+1.77777)x254.0 []


Overfull \hbox (43.50427pt too wide) in paragraph at lines 530--530
[]    /cmtt8//** Returns a new distribution obtained by restricting this to the
[] 

\hbox(5.55556+1.77777)x254.0 []


Overfull \hbox (30.75409pt too wide) in paragraph at lines 530--530
[]     /cmtt8/* domain region.intersection(R), where parameter R is a region[] 


\hbox(5.55556+1.77777)x254.0 []


Overfull \hbox (69.00464pt too wide) in paragraph at lines 530--530
[]    /cmtt8/extern public (region(dimension) R) distribution(region.intersecti
on(R))[] 

\hbox(5.55556+1.77777)x254.0 []


Overfull \hbox (64.75458pt too wide) in paragraph at lines 530--530
[]    /cmtt8//** Returns the restriction of this to the domain region.differenc
e(R),[] 

\hbox(5.55556+1.77777)x254.0 []


Overfull \hbox (60.50452pt too wide) in paragraph at lines 530--530
[]    /cmtt8/extern public (region(dimension) R) distribution(region.difference
(R))[] 

\hbox(5.55556+1.77777)x254.0 []


Overfull \hbox (30.75409pt too wide) in paragraph at lines 530--530
[]    /cmtt8//** Returns the distribution obtained by unioning this with the[] 


\hbox(5.55556+1.77777)x254.0 []


Overfull \hbox (1.00366pt too wide) in paragraph at lines 530--530
[]/cmtt8/some parameter region R (of the same dimension as this).  At[] 

\hbox(5.55556+1.77777)x254.0 []


Overfull \hbox (1.00366pt too wide) in paragraph at lines 530--530
[]/cmtt8/same value as this or D, depending on whether p is in region[] 

\hbox(4.88889+1.77777)x254.0 []


Overfull \hbox (39.25421pt too wide) in paragraph at lines 530--530
[]    /cmtt8/extern public (region(dimension) R) distribution(region.union(R))[
] 

\hbox(5.55556+1.77777)x254.0 []


Overfull \hbox (43.50427pt too wide) in paragraph at lines 530--530
[]    /cmtt8//** Returns a distribution defined on region.union(R): it takes on
[] 

\hbox(5.55556+1.77777)x254.0 []


Overfull \hbox (35.00415pt too wide) in paragraph at lines 530--530
[]/cmtt8/this.valueAt(p) for all points p in region, and D.valueAt(p) for all[]
 

\hbox(5.55556+1.77777)x254.0 []


Overfull \hbox (39.25421pt too wide) in paragraph at lines 530--530
[]    /cmtt8/extern public (region(dimension) R) distribution(region.union(R))[
] 

\hbox(5.55556+1.77777)x254.0 []


Overfull \hbox (73.2547pt too wide) in paragraph at lines 530--530
[]    /cmtt8//** Returns the unique 1-dimensional distribution U over the regio
n 1..k,[] 

\hbox(5.55556+1.77777)x254.0 []


Overfull \hbox (52.0044pt too wide) in paragraph at lines 530--530
[]     /cmtt8/* (where k is the cardinality of Q) which maps the point [i] to t
he[] 

\hbox(5.55556+1.77777)x254.0 []


Overfull \hbox (64.75458pt too wide) in paragraph at lines 530--530
[]    /cmtt8/extern public static distribution(dimension==1) unique( Set<place>
 Q );[] 

\hbox(5.55556+1.77777)x254.0 []


Overfull \hbox (47.75433pt too wide) in paragraph at lines 530--530
[]    /cmtt8//** Returns the constant distribution which maps every point in it
s[] 

\hbox(5.55556+1.77777)x254.0 []


Overfull \hbox (52.0044pt too wide) in paragraph at lines 530--530
[]    /cmtt8/extern public static (region R) distribution(R) constant( place P 
);[] 

\hbox(5.55556+1.77777)x254.0 []


Overfull \hbox (43.50427pt too wide) in paragraph at lines 530--530
[]    /cmtt8//** Returns the block distribution over the given region, and over
[] 

\hbox(5.55556+1.77777)x254.0 []


Overfull \hbox (35.00415pt too wide) in paragraph at lines 530--530
[]    /cmtt8//** Returns the block distribution over the given region and the[]
 

\hbox(5.55556+1.77777)x254.0 []


Overfull \hbox (39.25421pt too wide) in paragraph at lines 530--530
[]     /cmtt8/* given set of places. Chunks of the region are distributed over[
] 

\hbox(4.88889+1.77777)x254.0 []


Overfull \hbox (56.25446pt too wide) in paragraph at lines 530--530
[]    /cmtt8/extern public static (region R) distribution(R) block( Set<place> 
s);[] 

\hbox(5.55556+1.77777)x254.0 []


Overfull \hbox (47.75433pt too wide) in paragraph at lines 530--530
[]    /cmtt8//** Returns the cyclic distribution over the given region, and ove
r[] 

\hbox(5.55556+1.77777)x254.0 []


Overfull \hbox (60.50452pt too wide) in paragraph at lines 530--530
[]    /cmtt8/extern public static (region R) distribution(R) cyclic( Set<place>
 s);[] 

\hbox(5.55556+1.77777)x254.0 []


Overfull \hbox (73.2547pt too wide) in paragraph at lines 530--530
[]    /cmtt8//** Returns the block-cyclic distribution over the given region, a
nd over[] 

\hbox(5.55556+1.77777)x254.0 []


Overfull \hbox (26.50403pt too wide) in paragraph at lines 530--530
[]     /cmtt8/* place.MAX_PLACES places. Exception thrown if blockSize < 1.[] 

\hbox(4.88889+1.77777)x254.0 []


Overfull \hbox (81.75482pt too wide) in paragraph at lines 530--530
[]    /cmtt8/extern public static (region R) distribution(R) blockCyclic( int b
lockSize)[] 

\hbox(5.55556+1.77777)x254.0 []


Overfull \hbox (26.50403pt too wide) in paragraph at lines 530--530
[]    /cmtt8//** Returns a distribution which assigns a random place in the[] 

\hbox(5.55556+1.77777)x254.0 []


Overfull \hbox (5.25372pt too wide) in paragraph at lines 530--530
[]    /cmtt8/extern public static (region R) distribution(R) random();[] 

\hbox(5.55556+1.77777)x254.0 []


Overfull \hbox (35.00415pt too wide) in paragraph at lines 530--530
[]    /cmtt8//** Returns a distribution which assigns some arbitrary place in[]
 

\hbox(5.55556+1.77777)x254.0 []


Overfull \hbox (39.25421pt too wide) in paragraph at lines 530--530
[]     /cmtt8/* the given set of places to each point in the region. There are[
] 

\hbox(4.88889+1.77777)x254.0 []


Overfull \hbox (13.75385pt too wide) in paragraph at lines 530--530
[]     /cmtt8/* no guarantees on this assignment, e.g. all points may be[] 

\hbox(4.88889+1.77777)x254.0 []


Overfull \hbox (18.0039pt too wide) in paragraph at lines 530--530
[]    /cmtt8/extern public static (region R) distribution(R) arbitrary();[] 

\hbox(5.55556+1.77777)x254.0 []

) [4]
No file toplevel.bbl.
(toplevel.aux) )<cmtt8.pfb><cmss8.pfb><cmr8.pfb><cmr6.pfb><cmr7.pfb><cmsy10.pfb
><cmtt10.pfb><cmbx10.pfb><cmtt9.pfb><cmti10.pfb><cmss10.pfb><cmbx12.pfb><cmr10.
pfb>
Output written on toplevel.pdf (4 pages, 115083 bytes).
