This is pdfTeX, Version 3.14159-1.00c-pretest-20020426 (MiKTeX 2.2) (preloaded format=latex 2000.11.28)  30 DEC 2004 21:04
**dependenttypes
(dependenttypes.tex{pdftex.cfg}
LaTeX2e <2001/06/01>
Babel <v3.7h> and hyphenation patterns for english, french, german, ngerman, du
mylang, nohyphenation, loaded.
(C:\texmf\tex\latex\base\article.cls
Document Class: article 2001/04/21 v1.4e Standard LaTeX document class
(C:\texmf\tex\latex\base\size10.clo
File: size10.clo 2001/04/21 v1.4e Standard LaTeX file (size option)
)
\c@part=\count79
\c@section=\count80
\c@subsection=\count81
\c@subsubsection=\count82
\c@paragraph=\count83
\c@subparagraph=\count84
\c@figure=\count85
\c@table=\count86
\abovecaptionskip=\skip41
\belowcaptionskip=\skip42
\bibindent=\dimen102
) (../../../../vj/res/pagesizes.tex)
(C:\texmf\tex\latex\graphics\graphicx.sty
Package: graphicx 1999/02/16 v1.0f Enhanced LaTeX Graphics (DPC,SPQR)

(C:\texmf\tex\latex\graphics\keyval.sty
Package: keyval 1999/03/16 v1.13 key=value parser (DPC)
\KV@toks@=\toks14
)
(C:\texmf\tex\latex\graphics\graphics.sty
Package: graphics 2001/07/07 v1.0n Standard LaTeX Graphics (DPC,SPQR)
 (C:\texmf\tex\latex\graphics\trig.sty
Package: trig 1999/03/16 v1.09 sin cos tan (DPC)
) (C:\texmf\tex\latex\00miktex\graphics.cfg)
Package graphics Info: Driver file: pdftex.def on input line 80.

(C:\texmf\tex\latex\graphics\pdftex.def
File: pdftex.def 2001/11/29 v0.03i graphics/color for pdftex
\Gread@gobject=\count87
))
\Gin@req@height=\dimen103
\Gin@req@width=\dimen104
)
\c@example=\count88
 (dependenttypes.aux)
LaTeX Font Info:    Checking defaults for OML/cmm/m/it on input line 9.
LaTeX Font Info:    ... okay on input line 9.
LaTeX Font Info:    Checking defaults for T1/cmr/m/n on input line 9.
LaTeX Font Info:    ... okay on input line 9.
LaTeX Font Info:    Checking defaults for OT1/cmr/m/n on input line 9.
LaTeX Font Info:    ... okay on input line 9.
LaTeX Font Info:    Checking defaults for OMS/cmsy/m/n on input line 9.
LaTeX Font Info:    ... okay on input line 9.
LaTeX Font Info:    Checking defaults for OMX/cmex/m/n on input line 9.
LaTeX Font Info:    ... okay on input line 9.
LaTeX Font Info:    Checking defaults for U/cmr/m/n on input line 9.
LaTeX Font Info:    ... okay on input line 9.

(C:\texmf\tex\context\base\supp-pdf.tex (C:\texmf\tex\context\base\supp-mis.tex
loading : Context Support Macros / Missing
\protectiondepth=\count89
\scratchcounter=\count90
\scratchdimen=\dimen105
\scratchskip=\skip43
\scratchmuskip=\muskip10
\scratchbox=\box26
\scratchread=\read1
\scratchwrite=\write3
\nextbox=\box27
\nextdepth=\dimen106
\everyline=\toks15
\!!counta=\count91
\!!countb=\count92
\recursecounter=\count93
)
loading : Context Support Macros / PDF
\nofMPsegments=\count94
\nofMParguments=\count95
)
LaTeX Font Info:    External font `cmex10' loaded for size
(Font)              <12> on input line 22.
LaTeX Font Info:    External font `cmex10' loaded for size
(Font)              <8> on input line 22.
LaTeX Font Info:    External font `cmex10' loaded for size
(Font)              <6> on input line 22.
 [1

{psfonts.map}]
LaTeX Font Info:    External font `cmex10' loaded for size
(Font)              <7> on input line 109.
LaTeX Font Info:    External font `cmex10' loaded for size
(Font)              <5> on input line 109.
 [2] [3] [4] [5]
LaTeX Font Info:    Try loading font information for OMS+cmr on input line 474.

 (C:\texmf\tex\latex\base\omscmr.fd
File: omscmr.fd 1999/05/25 v2.5h Standard LaTeX font definitions
)
LaTeX Font Info:    Font shape `OMS/cmr/m/it' in size <10> not available
(Font)              Font shape `OMS/cmsy/m/n' tried instead on input line 474.
 [6]
[7] [8] [9] [10] [11] [12] (dependenttypes.bbl) [13] [14] [15] [16] [17]
[18] [19] [20] [21] (dependenttypes.aux) )<cmmi12.pfb><cmmi8.pfb><cmmi7.pfb><cm
r8.pfb><cmr6.pfb><cmsy10.pfb><cmss10.pfb><cmtt8.pfb><cmbx10.pfb><cmsy7.pfb><cmr
7.pfb><cmmi10.pfb><cmti10.pfb><cmtt10.pfb><cmbx12.pfb><cmr10.pfb><cmtt9.pfb><cm
ti9.pfb><cmr9.pfb><cmss9.pfb><cmbx9.pfb><cmtt12.pfb><cmcsc10.pfb><cmr12.pfb><cm
r17.pfb>
Output written on dependenttypes.pdf (21 pages, 223003 bytes).
