This is pdfeTeX, Version 3.141592-1.21a-2.2 (MiKTeX 2.4) (preloaded format=latex 2005.4.10)  25 JUL 2005 22:35
entering extended mode
**x10
(x10.tex
LaTeX2e <2003/12/01>
Babel <v3.8a> and hyphenation patterns for english, french, german, ngerman, du
mylang, nohyphenation, loaded.
(algol60.cls
Document Class: algol60 1997/03/13 Algol 60 document class
(C:\texmf\tex\latex\base\size10.clo
File: size10.clo 2004/02/16 v1.4f Standard LaTeX file (size option)
)
\c@part=\count79
\c@chapter=\count80
\c@section=\count81
\c@subsection=\count82
\c@subsubsection=\count83
\c@paragraph=\count84
\c@subparagraph=\count85
\c@figure=\count86
\c@table=\count87
\abovecaptionskip=\skip41
\belowcaptionskip=\skip42
\bibindent=\dimen102
) (changebar.sty
Package: changebar 2004/02/20 v3.4g Indicate changes with marginal bars
\cb@nextpoint=\count88
\cb@topleft=\count89
\cb@topright=\count90
\cb@botleft=\count91
\cb@botright=\count92
\cb@cnta=\count93
\cb@cntb=\count94
\cb@dima=\dimen103
\cb@curbarwd=\dimen104
\cb@page=\count95
\cb@pagecount=\count96
\cb@odd@left=\dimen105
\cb@odd@right=\dimen106
\cb@even@left=\dimen107
\cb@even@right=\dimen108
\changebarwidth=\skip43
\deletebarwidth=\skip44
\changebarsep=\skip45
\c@changebargrey=\count97
\cb@write=\write3
\cb@read=\read1
)
(C:\texmf\tex\latex\ltxmisc\url.sty
\Urlmuskip=\muskip10
Package: url 2004/03/15  ver 3.1  Verb mode for urls, etc.
) (C:\texmf\tex\latex\psnfss\times.sty
Package: times 2004/09/15 PSNFSS-v9.2 (SPQR) 
)
\@indexfile=\write4

Writing index file x10.idx
(commands.tex
\modwidth=\skip46
\modskip=\skip47
\@modheight=\skip48
\@modpos=\skip49
)

LaTeX Warning: Unused global option(s):
    [orivec].

(x10.aux

LaTeX Warning: Label `ExceptionModel' multiply defined.

)
LaTeX Font Info:    Checking defaults for OML/cmm/m/it on input line 40.
LaTeX Font Info:    ... okay on input line 40.
LaTeX Font Info:    Checking defaults for T1/cmr/m/n on input line 40.
LaTeX Font Info:    ... okay on input line 40.
LaTeX Font Info:    Checking defaults for OT1/cmr/m/n on input line 40.
LaTeX Font Info:    ... okay on input line 40.
LaTeX Font Info:    Checking defaults for OMS/cmsy/m/n on input line 40.
LaTeX Font Info:    ... okay on input line 40.
LaTeX Font Info:    Checking defaults for OMX/cmex/m/n on input line 40.
LaTeX Font Info:    ... okay on input line 40.
LaTeX Font Info:    Checking defaults for U/cmr/m/n on input line 40.
LaTeX Font Info:    ... okay on input line 40.
LaTeX Font Info:    Try loading font information for OT1+ptm on input line 40.
 (C:\texmf\tex\latex\psnfss\ot1ptm.fd
File: ot1ptm.fd 2001/06/04 font definitions for OT1/ptm.
) (first.tex
LaTeX Font Info:    Font shape `OT1/ptm/bx/n' in size <20.74> not available
(Font)              Font shape `OT1/ptm/b/n' tried instead on input line 29.
LaTeX Font Info:    Try loading font information for OT1+phv on input line 29.

(C:\texmf\tex\latex\psnfss\ot1phv.fd
File: ot1phv.fd 2001/06/04 scalable font definitions for OT1/phv.
)
LaTeX Font Info:    External font `cmex10' loaded for size
(Font)              <7> on input line 29.
LaTeX Font Info:    External font `cmex10' loaded for size
(Font)              <5> on input line 29.
LaTeX Font Info:    Try loading font information for OT1+pcr on input line 29.
 (C:\texmf\tex\latex\psnfss\ot1pcr.fd
File: ot1pcr.fd 2001/06/04 font definitions for OT1/pcr.
)
LaTeX Font Info:    Font shape `OT1/ptm/bx/n' in size <10> not available
(Font)              Font shape `OT1/ptm/b/n' tried instead on input line 29.
LaTeX Font Info:    Font shape `OT1/ptm/bx/n' in size <12> not available
(Font)              Font shape `OT1/ptm/b/n' tried instead on input line 32.

Underfull \hbox (badness 3260) in paragraph at lines 53--73
\OT1/ptm/m/n/10 P\OT1/ptm/m/sc/7 HILIPPE \OT1/ptm/m/n/10 C\OT1/ptm/m/sc/7 HARLE
S\OT1/ptm/m/n/10 , P\OT1/ptm/m/sc/7 ERRY \OT1/ptm/m/n/10 C\OT1/ptm/m/sc/7 HENG\
OT1/ptm/m/n/10 , C\OT1/ptm/m/sc/7 HRISTOPHER \OT1/ptm/m/n/10 D\OT1/ptm/m/sc/7 O
NAWA\OT1/ptm/m/n/10 ,

\hbox(6.81989+1.40991)x254.0, glue set 3.19788 []


Underfull \hbox (badness 1178) in paragraph at lines 53--73
\OT1/ptm/m/n/10 A\OT1/ptm/m/sc/7 RMANDO \OT1/ptm/m/n/10 B\OT1/ptm/m/sc/7 SOLAR-
LEZAMA\OT1/ptm/m/n/10 , C\OT1/ptm/m/sc/7 HRISTOPH von \OT1/ptm/m/n/10 P\OT1/ptm
/m/sc/7 RAUN \OT1/ptm/m/n/10 and J\OT1/ptm/m/sc/7 AN

\hbox(6.81989+1.40991)x254.0, glue set 2.27719 []

(x10.toc
LaTeX Font Info:    External font `cmex10' loaded for size
(Font)              <8> on input line 1.
LaTeX Font Info:    External font `cmex10' loaded for size
(Font)              <6> on input line 1.
)
\tf@toc=\write5
 [1{psfonts.map}

]) (XtenIntro.tex) [2

] (XtenOverview.tex
 1.
LaTeX Font Info:    Try loading font information for OMS+ptm on input line 10.
(C:\texmf\tex\latex\psnfss\omsptm.fd
File: omsptm.fd 
)
LaTeX Font Info:    Font shape `OMS/ptm/m/n' in size <10> not available
(Font)              Font shape `OMS/cmsy/m/n' tried instead on input line 10.

Underfull \hbox (badness 1648) in paragraph at lines 55--61
 \OT1/ptm/b/n/10 Atomic sec-tions[] \OT1/phv/m/n/10 X10 \OT1/ptm/m/n/10 in-tro-
duces state-ments of the form

\hbox(7.2249+0.16492)x254.0, glue set 2.54588 []

[3

] [4]) (XtenLex.tex
 2.

Underfull \hbox (badness 5939) in paragraph at lines 25--26
 \OT1/ptm/b/n/10 Key-words[] \OT1/phv/m/n/10 X10 \OT1/ptm/m/n/10 re-serves the 
fol-low-ing key-words []from

\hbox(7.2249+2.16492)x254.0, glue set 3.90562 []

[5]
LaTeX Font Info:    Try loading font information for OMS+pcr on input line 55.
 (C:\texmf\tex\latex\psnfss\omspcr.fd
File: omspcr.fd 
)
LaTeX Font Info:    Font shape `OMS/pcr/m/n' in size <8> not available
(Font)              Font shape `OMS/cmsy/m/n' tried instead on input line 55.
) (XtenTypes.tex
 3.
[6] (NullableTypeConstructor.tex
Underfull \hbox (badness 1584) in paragraph at lines 43--48
 \OT1/ptm/b/n/10 Con-ver-sions[] \OT1/pcr/m/n/10 null \OT1/ptm/m/n/10 can be pa
ssed as an ar-gu-ment to a

\hbox(6.88995+2.16492)x254.0, glue set 2.5135 []


Underfull \hbox (badness 3623) in paragraph at lines 49--52
[]\OT1/ptm/m/n/10 For any value \OT1/pcr/m/n/10 v \OT1/ptm/m/n/10 of type \OT1/
pcr/m/n/10 T\OT1/ptm/m/n/10 , the class cast ex-pres-sion

\hbox(6.81989+2.16492)x254.0, glue set 3.31215 []


Underfull \hbox (badness 10000) in paragraph at lines 64--67
[]\OT1/ptm/m/n/10 The ex-pres-sion \OT1/pcr/m/n/10 (T) null \OT1/ptm/m/n/10 thr
ows a

\hbox(6.81989+2.16492)x254.0, glue set 17.73698 []

[7]) (FutureTypes.tex) (ArrayTypes.tex) [8]
Underfull \hbox (badness 6825) in paragraph at lines 170--173
[]\OT1/phv/m/n/10 X10 \OT1/ptm/m/n/10 fol-lows \OT1/phv/m/n/10 Java \OT1/ptm/m/
n/10 lan-guage rules in this re-spect [[],

\hbox(7.2249+2.16492)x254.0, glue set 4.08939 []


Underfull \hbox (badness 10000) in paragraph at lines 207--216
[]\OT1/ptm/m/n/10 All value and ref-er-ence classes sub-class from

\hbox(6.81989+0.1399)x254.0, glue set 8.07146 []


Underfull \hbox (badness 2103) in paragraph at lines 207--216
\OT1/pcr/m/n/10 x10.lang.Object\OT1/ptm/m/n/10 . This class has one \OT1/pcr/m/
n/10 const \OT1/ptm/m/n/10 field

\hbox(6.81989+1.56995)x254.0, glue set 2.76096 []


Underfull \hbox (badness 1142) in paragraph at lines 224--230
[]\OT1/phv/m/n/10 X10 \OT1/ptm/m/n/10 ob-jects do not have any syn-chro-niza-ti
on in-for-ma-tion

\hbox(7.2249+2.16492)x254.0, glue set 2.25545 []

[9
Non-PDF special ignored!
Non-PDF special ignored!
Non-PDF special ignored!
Non-PDF special ignored!
Non-PDF special ignored!
Non-PDF special ignored!
Non-PDF special ignored!
Non-PDF special ignored!
Non-PDF special ignored!
Non-PDF special ignored!]
Underfull \hbox (badness 1406) in paragraph at lines 360--367
\OT1/phv/m/n/10 X10 v0.4 \OT1/ptm/m/n/10 pro-gram-mers may im-port and use \OT1
/phv/m/n/10 Java \OT1/ptm/m/n/10 pack-

\hbox(7.2249+2.16492)x254.0, glue set 2.41551 []


Underfull \hbox (badness 7081) in paragraph at lines 360--367
\OT1/ptm/m/n/10 ages such as \OT1/pcr/m/n/10 java.util\OT1/ptm/m/n/10 , e.g. \O
T1/pcr/m/n/10 java.util.Set\OT1/ptm/m/n/10 ,

\hbox(6.81989+2.16492)x254.0, glue set 4.1408 []

[10
Non-PDF special ignored!
Non-PDF special ignored!
Non-PDF special ignored!
Non-PDF special ignored!
Non-PDF special ignored!
Non-PDF special ignored!
Non-PDF special ignored!
Non-PDF special ignored!
Non-PDF special ignored!
Non-PDF special ignored!
Non-PDF special ignored!
Non-PDF special ignored!
Non-PDF special ignored!
Non-PDF special ignored!
Non-PDF special ignored!]) (XtenPackages.tex
 4.
) (XtenPlaces.tex
 5.

LaTeX Warning: Reference `PlaceTypes' on page 11 undefined on input line 54.

[11
Non-PDF special ignored!
Non-PDF special ignored!
Non-PDF special ignored!
Non-PDF special ignored!
Non-PDF special ignored!
Non-PDF special ignored!
Non-PDF special ignored!
Non-PDF special ignored!
Non-PDF special ignored!
Non-PDF special ignored!
Non-PDF special ignored!
Non-PDF special ignored!
Non-PDF special ignored!
Non-PDF special ignored!
Non-PDF special ignored!]) (XtenActivities.tex
 6.
[12]
Underfull \hbox (badness 1286) in paragraph at lines 120--126
\OT1/ptm/m/n/10 ap-pro-pri-ate for the state-ment. Ac-cesses to \OT1/pcr/m/n/10
 a[i] \OT1/ptm/m/n/10 within

\hbox(6.81989+2.16492)x254.0, glue set 2.3454 []


Underfull \hbox (badness 1577) in paragraph at lines 136--147
[]\OT1/ptm/m/n/10 An ac-tiv-ity $\OML/cmm/m/it/10 A$ \OT1/ptm/m/n/10 ex-e-cutes
 the state-ment \OT1/pcr/m/n/10 async (P) S \OT1/ptm/m/n/10 by

\hbox(6.83331+2.16492)x254.0, glue set 2.51007 []


Underfull \hbox (badness 1325) in paragraph at lines 226--230
\OT1/ptm/m/n/10 An \OT1/phv/m/n/10 X10 \OT1/ptm/m/n/10 com-pu-ta-tion is ini-ti
-ated from the com-mand line

\hbox(7.2249+2.16492)x254.0, glue set 2.37024 []

[13
Non-PDF special ignored!
Non-PDF special ignored!
Non-PDF special ignored!
Non-PDF special ignored!
Non-PDF special ignored!] [14]
LaTeX Font Info:    Font shape `OMS/pcr/m/n' in size <10> not available
(Font)              Font shape `OMS/cmsy/m/n' tried instead on input line 460.
 [15] [16]) (XtenClocks.tex
 7.
[17
Non-PDF special ignored!
Non-PDF special ignored!
Non-PDF special ignored!
Non-PDF special ignored!
Non-PDF special ignored!]
Underfull \hbox (badness 10000) in paragraph at lines 77--79
\OT1/ptm/m/n/10 Clocks are cre-ated us-ing the nullary con-struc-tor for

\hbox(6.81989+2.16492)x254.0, glue set 4.64502 []

[18
Non-PDF special ignored!
Non-PDF special ignored!
Non-PDF special ignored!
Non-PDF special ignored!
Non-PDF special ignored!
Non-PDF special ignored!
Non-PDF special ignored!
Non-PDF special ignored!
Non-PDF special ignored!
Non-PDF special ignored!]
Underfull \hbox (badness 1189) in paragraph at lines 149--155
\OT1/ptm/m/n/10 state-ment on a clock \OT1/pcr/m/n/10 c \OT1/ptm/m/n/10 to a \O
T1/pcr/m/n/10 now \OT1/ptm/m/n/10 or async spawn state-

\hbox(6.81989+2.16492)x254.0, glue set 2.2844 []

) (XtenInterfaces.tex
 8.
) (XtenClasses.tex
 9.

Underfull \hbox (badness 1924) in paragraph at lines 30--39
\OT1/ptm/m/n/10 A ref-er-ence class is de-clared with the op-tional key-word

\hbox(6.81989+2.16492)x254.0, glue set 2.68306 []

[19
Non-PDF special ignored!
Non-PDF special ignored!
Non-PDF special ignored!
Non-PDF special ignored!
Non-PDF special ignored!
Non-PDF special ignored!
Non-PDF special ignored!
Non-PDF special ignored!
Non-PDF special ignored!
Non-PDF special ignored!]
Underfull \hbox (badness 1082) in paragraph at lines 155--156
[]\OT1/ptm/m/n/10 Similarly, a \OT1/pcr/m/n/10 Complex \OT1/ptm/m/n/10 class ma
y be im-ple-mented as fol-

\hbox(6.81989+2.16492)x254.0, glue set 2.21355 []

[20
Non-PDF special ignored!
Non-PDF special ignored!
Non-PDF special ignored!
Non-PDF special ignored!
Non-PDF special ignored!
Non-PDF special ignored!
Non-PDF special ignored!
Non-PDF special ignored!
Non-PDF special ignored!
Non-PDF special ignored!]) (XtenArrays.tex
 10.
(XtenRegions.tex [21]
Underfull \hbox (badness 5578) in paragraph at lines 45--47
[]\OT1/pcr/m/n/10 region.factory.upperTriangular(N) \OT1/ptm/m/n/10 re-turns

\hbox(6.62994+1.56995)x233.99997, glue set 3.82411 []


Underfull \hbox (badness 5578) in paragraph at lines 47--49
[]\OT1/pcr/m/n/10 region.factory.lowerTriangular(N) \OT1/ptm/m/n/10 re-turns

\hbox(6.62994+1.56995)x233.99997, glue set 3.82411 []

) (XtenDistributions.tex [22]
Underfull \hbox (badness 3199) in paragraph at lines 67--69
[]\OT1/ptm/m/n/10 The dis-tri-b-u-tion \OT1/pcr/m/n/10 block(R) \OT1/ptm/m/n/10
 is the same dis-tri-b-u-tion as

\hbox(6.81989+1.09998)x254.0, glue set 3.17593 []


Underfull \hbox (badness 1762) in paragraph at lines 75--77
[]\OT1/ptm/m/n/10 The dis-tri-b-u-tion \OT1/pcr/m/n/10 cyclic(R) \OT1/ptm/m/n/1
0 is the same dis-tri-b-u-tion as

\hbox(6.81989+1.56995)x254.0, glue set 2.60443 []


Underfull \hbox (badness 10000) in paragraph at lines 83--86
 \OT1/ptm/b/n/10 Block cyclic dis-tri-b-u-tions.[] \OT1/ptm/m/n/10 The dis-tri-
b-u-tion

\hbox(6.88995+2.03491)x254.0, glue set 15.5429 []


Underfull \hbox (badness 10000) in paragraph at lines 83--86
\OT1/pcr/m/n/10 blockCyclic(R, N, Q) \OT1/ptm/m/n/10 dis-trib-utes the el-e-men
ts of

\hbox(6.81989+1.56995)x254.0, glue set 4.4064 []


Underfull \hbox (badness 10000) in paragraph at lines 88--91
 \OT1/ptm/b/n/10 Ar-bi-trary dis-tri-b-u-tions.[] \OT1/ptm/m/n/10 The dis-tri-b
-u-tion

\hbox(6.88995+2.03491)x254.0, glue set 26.1876 []


Underfull \hbox (badness 1052) in paragraph at lines 88--91
\OT1/pcr/m/n/10 arbitrary(R,Q) \OT1/ptm/m/n/10 ar-bi-trar-ily al-lo-cates point
s in \OT1/pcr/m/n/10 R \OT1/ptm/m/n/10 to \OT1/pcr/m/n/10 Q\OT1/ptm/m/n/10 .

\hbox(6.81989+2.16492)x254.0, glue set 2.19226 []


Underfull \hbox (badness 2951) in paragraph at lines 88--91
\OT1/ptm/m/n/10 As above, \OT1/pcr/m/n/10 arbitrary(R) \OT1/ptm/m/n/10 is the s
ame dis-tri-b-u-tion as

\hbox(6.81989+1.56995)x254.0, glue set 3.0921 []

) [23
Non-PDF special ignored!
Non-PDF special ignored!
Non-PDF special ignored!
Non-PDF special ignored!
Non-PDF special ignored!]
Underfull \hbox (badness 10000) in paragraph at lines 133--139
 \OT1/ptm/b/n/10 Over-lay-ing an ar-ray on an-other[] \OT1/ptm/m/n/10 The ex-pr
es-sion

\hbox(6.88995+2.16492)x254.0, glue set 6.3096 []


Underfull \hbox (badness 3977) in paragraph at lines 133--139
\OT1/pcr/m/n/10 a1.overlay(a2) \OT1/ptm/m/n/10 (read: the ar-ray \OT1/pcr/m/n/1
0 a1 \OT1/ptm/m/it/10 over-laid with

\hbox(6.8449+2.16492)x254.0, glue set 3.4154 []

[24])
Underfull \hbox (badness 10000) in paragraph at lines 187--60
[]\OT1/ptm/m/n/10 Other op-er-a-tions on ar-rays may be found in

\hbox(6.81989+2.16492)x254.0, glue set 7.60687 []

(XtenStatements.tex
 11.

Underfull \hbox (badness 5878) in paragraph at lines 80--81
 \OT1/ptm/b/n/10 Ex-am-ple.[] \OT1/ptm/m/n/10 The fol-low-ing ex-am-ple suc-cee
ds when ex-e-

\hbox(6.81989+2.16492)x254.0, glue set 3.89226 []

[25] (XtenExpressions.tex
Underfull \hbox (badness 2941) in paragraph at lines 52--57
\OT1/ptm/m/n/10 This op-er-a-tor takes two ar-gu-ments; the first should be

\hbox(6.81989+2.16492)x254.0, glue set 3.09041 []


Underfull \hbox (badness 3407) in paragraph at lines 52--57
\OT1/ptm/m/n/10 a \OT1/pcr/m/n/10 RelationalExpression \OT1/ptm/m/n/10 and the 
sec-ond a \OT1/pcr/m/n/10 Type\OT1/ptm/m/n/10 .

\hbox(6.81989+1.56995)x254.0, glue set 3.24342 []


Underfull \hbox (badness 1694) in paragraph at lines 52--57
\OT1/ptm/m/n/10 At run time, the re-sult of this op-er-a-tor is \OT1/pcr/m/n/10
 true \OT1/ptm/m/n/10 if the

\hbox(6.81989+2.16492)x254.0, glue set 2.56906 []

)) (extern.tex [26
Non-PDF special ignored!
Non-PDF special ignored!
Non-PDF special ignored!
Non-PDF special ignored!
Non-PDF special ignored!]) (example.tex [27]) (x10-syntax.tex [28

] [29

]
Underfull \vbox (badness 10000) has occurred while \output is active
\vbox(663.0+0.0)x523.0 []

 [30]
Overfull \hbox (24.20035pt too wide) in paragraph at lines 548--548
[]\OT1/pcr/m/n/8 143   NormalInterfaceDeclaration ::= InterfaceModifiersopt int
erface identifier ExtendsInterfacesopt InterfaceBody[] 

\hbox(5.30396+1.25595)x523.0 []


Underfull \vbox (badness 10000) has occurred while \output is active
\vbox(663.0+0.0)x523.0 []

 [31]
Underfull \vbox (badness 10000) has occurred while \output is active
\vbox(663.0+0.0)x523.0 []

 [32]
Underfull \vbox (badness 10000) has occurred while \output is active
\vbox(663.0+0.0)x523.0 []

 [33]
Underfull \vbox (badness 10000) has occurred while \output is active
\vbox(663.0+0.0)x523.0 []

 [34]
Underfull \vbox (badness 10000) has occurred while \output is active
\vbox(663.0+0.0)x523.0 []

 [35]
[36]) (x10-changes.tex
Underfull \hbox (badness 5726) in paragraph at lines 42--44
[]\OT1/ptm/m/n/10 Confine the use of \OT1/phv/m/n/10 Java \OT1/ptm/m/n/10 to sy
s-tem classes, e.g.

\hbox(7.2249+2.16492)x233.99997, glue set 3.85555 []


Underfull \hbox (badness 4634) in paragraph at lines 44--45
[]\OT1/ptm/m/n/10 Do not use syn-chro-nized key-word, or cre-ate new

\hbox(6.81989+2.16492)x233.99997, glue set 3.59555 []

) (x10.bbl
Underfull \hbox (badness 10000) in paragraph at lines 23--26
[]\OT1/ptm/m/n/10 Gilad Bracha et al.  Adding Gener-ics to the

\hbox(6.81989+2.16492)x232.34009, glue set 4.40016 []


Underfull \hbox (badness 8094) in paragraph at lines 23--26
\OT1/ptm/m/n/10 Java Pro-gram-ming Lan-guage, 2001.  JSR 014,

\hbox(6.81989+2.16492)x232.34009, glue set 4.32913 []


Underfull \hbox (badness 1314) in paragraph at lines 39--43
[]\OT1/ptm/m/n/10 Maurice Her-lihy.  Wait-free syn-chro-niza-tion.  \OT1/ptm/m/
it/10 ACM

\hbox(6.81989+2.16492)x232.34009, glue set 2.36285 []


Underfull \hbox (badness 2503) in paragraph at lines 57--63
\OT1/ptm/m/n/10 leton Miyamoto, Ben Li-b-lit, Arvind Kr-ish-na-murthy,

\hbox(6.81989+2.16492)x232.34009, glue set 2.92757 []


Underfull \hbox (badness 1383) in paragraph at lines 57--63
\OT1/ptm/m/n/10 Colella, and Alexan-der Aiken.  Ti-ta-nium: A high-

\hbox(6.81989+2.16492)x232.34009, glue set 2.40182 []

) [37

] (x10.ind [38

]) [39] (x10.aux)

LaTeX Warning: There were undefined references.


LaTeX Warning: There were multiply-defined labels.

 ) 
Here is how much of TeX's memory you used:
 1000 strings out of 95512
 10517 string characters out of 1189448
 78948 words of memory out of 1068388
 3965 multiletter control sequences out of 60000
 36415 words of font info for 65 fonts, out of 500000 for 1000
 14 hyphenation exceptions out of 607
 25i,8n,19p,238b,302s stack positions out of 1500i,500n,5000p,200000b,32768s
PDF statistics:
 160 PDF objects out of 300000
 0 named destinations out of 300000
 1 words of extra memory for PDF output out of 65536
<C:\texmf\fonts\type1\bluesky\cm\cmtt10.pfb><C:\texmf\fonts\type1\bluesky\cm\
cmmi10.pfb><C:\texmf\fonts\type1\bluesky\cm\cmsy8.pfb><C:\texmf\fonts\type1\blu
esky\cm\cmmi7.pfb>{8r.enc}<C:\texmf\fonts\type1\urw\urwstd\utmri8a.pfb><C:\texm
f\fonts\type1\bluesky\cm\cmr7.pfb><C:\texmf\fonts\type1\bluesky\cm\cmr10.pfb><C
:\texmf\fonts\type1\bluesky\cm\cmsy10.pfb><C:\texmf\fonts\type1\urw\urwstd\ucrr
8a.pfb><C:\texmf\fonts\type1\urw\urwstd\utmr8a.pfb><C:\texmf\fonts\type1\urw\ur
wstd\uhvr8a.pfb><C:\texmf\fonts\type1\urw\urwstd\utmb8a.pfb>
Output written on x10.pdf (39 pages, 256717 bytes).
