Following are cilk numbers (best of 5 runs)

altair - vijay - fib > foreach p ( 1 2 4 6 8 )
foreach? foreach n ( 20 25 30 35 )
foreach? ./fib -nproc $p 5 $n
foreach? end
foreach? end
n=20     Result: 6765    Time=3090.106 us
n=25     Result: 75025   Time=33535.504 us
n=30     Result: 832040  Time=378569.126 us
n=35     Result: 9227465         Time=4138605.456 us
n=20     Result: 6765    Time=2767.735 us
n=25     Result: 75025   Time=20220.667 us
n=30     Result: 832040  Time=189968.340 us
n=35     Result: 9227465         Time=2101519.414 us
n=20     Result: 6765    Time=3092.663 us
n=25     Result: 75025   Time=14796.529 us
n=30     Result: 832040  Time=99279.102 us
n=35     Result: 9227465         Time=1053044.478 us
n=20     Result: 6765    Time=3083.590 us
n=25     Result: 75025   Time=24221.453 us
n=30     Result: 832040  Time=83198.621 us
n=35     Result: 9227465         Time=714805.837 us
n=20     Result: 6765    Time=3090.712 us
n=25     Result: 75025   Time=18105.353 us
n=30     Result: 832040  Time=66809.781 us
n=35     Result: 9227465         Time=559108.507 us


-------------------------------------------------------------------------

