This file contains any messages produced by compilers while
running configure, to aid debugging if configure makes a mistake.

It was created by gc configure 7.1, which was
generated by GNU Autoconf 2.61.  Invocation command line was

  $ /home/blshao/workspace/x10-compiler/x10.runtime/src-cpp/bdwgc/src/configure -enable-threads=posix -enable-thread-local-alloc --prefix=/home/blshao/workspace/x10-compiler/x10.runtime/src-cpp/bdwgc/install

## --------- ##
## Platform. ##
## --------- ##

hostname = blshao
uname -m = x86_64
uname -r = 2.6.32-22-generic
uname -s = Linux
uname -v = #33-Ubuntu SMP Wed Apr 28 13:28:05 UTC 2010

/usr/bin/uname -p = unknown
/bin/uname -X     = unknown

/bin/arch              = unknown
/usr/bin/arch -k       = unknown
/usr/convex/getsysinfo = unknown
/usr/bin/hostinfo      = unknown
/bin/machine           = unknown
/usr/bin/oslevel       = unknown
/bin/universe          = unknown

PATH: /usr/local/sbin
PATH: /usr/local/bin
PATH: /usr/sbin
PATH: /usr/bin
PATH: /sbin
PATH: /bin
PATH: /usr/games


## ----------- ##
## Core tests. ##
## ----------- ##

configure:2040: checking build system type
configure:2058: result: x86_64-unknown-linux-gnu
configure:2080: checking host system type
configure:2095: result: x86_64-unknown-linux-gnu
configure:2117: checking target system type
configure:2132: result: x86_64-unknown-linux-gnu
configure:2163: checking GC version numbers
configure:2201: result: major=7 minor=1 
configure:2219: checking for a BSD-compatible install
configure:2275: result: /usr/bin/install -c
configure:2286: checking whether build environment is sane
configure:2329: result: yes
configure:2394: checking for gawk
configure:2410: found /usr/bin/gawk
configure:2421: result: gawk
configure:2432: checking whether make sets $(MAKE)
configure:2453: result: yes
configure:2637: checking whether to enable maintainer-specific portions of Makefiles
configure:2646: result: no
configure:2677: checking for style of include used by make
configure:2705: result: GNU
configure:2778: checking for gcc
configure:2794: found /usr/bin/gcc
configure:2805: result: gcc
configure:3043: checking for C compiler version
configure:3050: gcc --version >&5
gcc (Ubuntu 4.4.3-4ubuntu5) 4.4.3
Copyright (C) 2009 Free Software Foundation, Inc.
This is free software; see the source for copying conditions.  There is NO
warranty; not even for MERCHANTABILITY or FITNESS FOR A PARTICULAR PURPOSE.

configure:3053: $? = 0
configure:3060: gcc -v >&5
Using built-in specs.
Target: x86_64-linux-gnu
Configured with: ../src/configure -v --with-pkgversion='Ubuntu 4.4.3-4ubuntu5' --with-bugurl=file:///usr/share/doc/gcc-4.4/README.Bugs --enable-languages=c,c++,fortran,objc,obj-c++ --prefix=/usr --enable-shared --enable-multiarch --enable-linker-build-id --with-system-zlib --libexecdir=/usr/lib --without-included-gettext --enable-threads=posix --with-gxx-include-dir=/usr/include/c++/4.4 --program-suffix=-4.4 --enable-nls --enable-clocale=gnu --enable-libstdcxx-debug --enable-plugin --enable-objc-gc --disable-werror --with-arch-32=i486 --with-tune=generic --enable-checking=release --build=x86_64-linux-gnu --host=x86_64-linux-gnu --target=x86_64-linux-gnu
Thread model: posix
gcc version 4.4.3 (Ubuntu 4.4.3-4ubuntu5) 
configure:3063: $? = 0
configure:3070: gcc -V >&5
gcc: '-V' option must have argument
configure:3073: $? = 1
configure:3096: checking for C compiler default output file name
configure:3123: gcc    conftest.c  >&5
configure:3126: $? = 0
configure:3164: result: a.out
configure:3181: checking whether the C compiler works
configure:3191: ./a.out
configure:3194: $? = 0
configure:3211: result: yes
configure:3218: checking whether we are cross compiling
configure:3220: result: no
configure:3223: checking for suffix of executables
configure:3230: gcc -o conftest    conftest.c  >&5
configure:3233: $? = 0
configure:3257: result: 
configure:3263: checking for suffix of object files
configure:3289: gcc -c   conftest.c >&5
configure:3292: $? = 0
configure:3315: result: o
configure:3319: checking whether we are using the GNU C compiler
configure:3348: gcc -c   conftest.c >&5
configure:3354: $? = 0
configure:3371: result: yes
configure:3376: checking whether gcc accepts -g
configure:3406: gcc -c -g  conftest.c >&5
configure:3412: $? = 0
configure:3511: result: yes
configure:3528: checking for gcc option to accept ISO C89
configure:3602: gcc  -c -g -O2  conftest.c >&5
configure:3608: $? = 0
configure:3631: result: none needed
configure:3651: checking dependency style of gcc
configure:3741: result: gcc3
configure:3759: checking whether gcc and cc understand -c and -o together
configure:3794: gcc -c conftest.c -o conftest2.o >&5
configure:3797: $? = 0
configure:3803: gcc -c conftest.c -o conftest2.o >&5
configure:3806: $? = 0
configure:3817: cc -c conftest.c >&5
configure:3820: $? = 0
configure:3828: cc -c conftest.c -o conftest2.o >&5
configure:3831: $? = 0
configure:3837: cc -c conftest.c -o conftest2.o >&5
configure:3840: $? = 0
configure:3858: result: yes
configure:3941: checking for g++
configure:3957: found /usr/bin/g++
configure:3968: result: g++
configure:3999: checking for C++ compiler version
configure:4006: g++ --version >&5
g++ (Ubuntu 4.4.3-4ubuntu5) 4.4.3
Copyright (C) 2009 Free Software Foundation, Inc.
This is free software; see the source for copying conditions.  There is NO
warranty; not even for MERCHANTABILITY or FITNESS FOR A PARTICULAR PURPOSE.

configure:4009: $? = 0
configure:4016: g++ -v >&5
Using built-in specs.
Target: x86_64-linux-gnu
Configured with: ../src/configure -v --with-pkgversion='Ubuntu 4.4.3-4ubuntu5' --with-bugurl=file:///usr/share/doc/gcc-4.4/README.Bugs --enable-languages=c,c++,fortran,objc,obj-c++ --prefix=/usr --enable-shared --enable-multiarch --enable-linker-build-id --with-system-zlib --libexecdir=/usr/lib --without-included-gettext --enable-threads=posix --with-gxx-include-dir=/usr/include/c++/4.4 --program-suffix=-4.4 --enable-nls --enable-clocale=gnu --enable-libstdcxx-debug --enable-plugin --enable-objc-gc --disable-werror --with-arch-32=i486 --with-tune=generic --enable-checking=release --build=x86_64-linux-gnu --host=x86_64-linux-gnu --target=x86_64-linux-gnu
Thread model: posix
gcc version 4.4.3 (Ubuntu 4.4.3-4ubuntu5) 
configure:4019: $? = 0
configure:4026: g++ -V >&5
g++: '-V' option must have argument
configure:4029: $? = 1
configure:4032: checking whether we are using the GNU C++ compiler
configure:4061: g++ -c   conftest.cpp >&5
configure:4067: $? = 0
configure:4084: result: yes
configure:4089: checking whether g++ accepts -g
configure:4119: g++ -c -g  conftest.cpp >&5
configure:4125: $? = 0
configure:4224: result: yes
configure:4249: checking dependency style of g++
configure:4339: result: gcc3
configure:4408: checking for ar
configure:4424: found /usr/bin/ar
configure:4435: result: ar
configure:4504: checking for ranlib
configure:4520: found /usr/bin/ranlib
configure:4531: result: ranlib
configure:4571: checking for a BSD-compatible install
configure:4627: result: /usr/bin/install -c
configure:4709: WARNING: "Explict GC_INIT() calls may be required."
configure:5866: checking for xlc
configure:5893: gcc -c -g -O2  conftest.c >&5
conftest.c:21:4: error: #error 
configure:5899: $? = 1
configure: failed program was:
| /* confdefs.h.  */
| #define PACKAGE_NAME "gc"
| #define PACKAGE_TARNAME "gc"
| #define PACKAGE_VERSION "7.1"
| #define PACKAGE_STRING "gc 7.1"
| #define PACKAGE_BUGREPORT "Hans.Boehm@hp.com"
| #define GC_VERSION_MAJOR 7
| #define GC_VERSION_MINOR 1
| #define PACKAGE "gc"
| #define VERSION "7.1"
| #define GC_LINUX_THREADS 1
| #define _REENTRANT 1
| #define THREAD_LOCAL_ALLOC 1
| /* end confdefs.h.  */
| 
| int
| main ()
| {
| 
|  #ifndef __xlC__
|  # error
|  #endif
| 
|   ;
|   return 0;
| }
configure:5913: result: no
configure:5938: checking for dlopen in -ldl
configure:5973: gcc -o conftest -g -O2   conftest.c -ldl   >&5
configure:5979: $? = 0
configure:5997: result: yes
configure:6080: checking whether to build shared libraries
configure:6115: result: yes
configure:6120: checking which machine-dependent code should be used
configure:6179: result: 
configure:6235: checking for a sed that does not truncate output
configure:6289: result: /bin/sed
configure:6292: checking for grep that handles long lines and -e
configure:6366: result: /bin/grep
configure:6371: checking for egrep
configure:6449: result: /bin/grep -E
configure:6465: checking for ld used by gcc
configure:6532: result: /usr/bin/ld
configure:6541: checking if the linker (/usr/bin/ld) is GNU ld
configure:6556: result: yes
configure:6561: checking for /usr/bin/ld option to reload object files
configure:6568: result: -r
configure:6586: checking for BSD-compatible nm
configure:6635: result: /usr/bin/nm -B
configure:6639: checking whether ln -s works
configure:6643: result: yes
configure:6650: checking how to recognise dependent libraries
configure:6826: result: pass_all
configure:6913: gcc -c -g -O2  conftest.c >&5
configure:6916: $? = 0
configure:7059: checking how to run the C preprocessor
configure:7099: gcc -E  conftest.c
configure:7105: $? = 0
configure:7136: gcc -E  conftest.c
conftest.c:15:28: error: ac_nonexistent.h: No such file or directory
configure:7142: $? = 1
configure: failed program was:
| /* confdefs.h.  */
| #define PACKAGE_NAME "gc"
| #define PACKAGE_TARNAME "gc"
| #define PACKAGE_VERSION "7.1"
| #define PACKAGE_STRING "gc 7.1"
| #define PACKAGE_BUGREPORT "Hans.Boehm@hp.com"
| #define GC_VERSION_MAJOR 7
| #define GC_VERSION_MINOR 1
| #define PACKAGE "gc"
| #define VERSION "7.1"
| #define GC_LINUX_THREADS 1
| #define _REENTRANT 1
| #define THREAD_LOCAL_ALLOC 1
| /* end confdefs.h.  */
| #include <ac_nonexistent.h>
configure:7175: result: gcc -E
configure:7204: gcc -E  conftest.c
configure:7210: $? = 0
configure:7241: gcc -E  conftest.c
conftest.c:15:28: error: ac_nonexistent.h: No such file or directory
configure:7247: $? = 1
configure: failed program was:
| /* confdefs.h.  */
| #define PACKAGE_NAME "gc"
| #define PACKAGE_TARNAME "gc"
| #define PACKAGE_VERSION "7.1"
| #define PACKAGE_STRING "gc 7.1"
| #define PACKAGE_BUGREPORT "Hans.Boehm@hp.com"
| #define GC_VERSION_MAJOR 7
| #define GC_VERSION_MINOR 1
| #define PACKAGE "gc"
| #define VERSION "7.1"
| #define GC_LINUX_THREADS 1
| #define _REENTRANT 1
| #define THREAD_LOCAL_ALLOC 1
| /* end confdefs.h.  */
| #include <ac_nonexistent.h>
configure:7285: checking for ANSI C header files
configure:7315: gcc -c -g -O2  conftest.c >&5
configure:7321: $? = 0
configure:7420: gcc -o conftest -g -O2   conftest.c  >&5
configure:7423: $? = 0
configure:7429: ./conftest
configure:7432: $? = 0
configure:7449: result: yes
configure:7473: checking for sys/types.h
configure:7494: gcc -c -g -O2  conftest.c >&5
configure:7500: $? = 0
configure:7516: result: yes
configure:7473: checking for sys/stat.h
configure:7494: gcc -c -g -O2  conftest.c >&5
configure:7500: $? = 0
configure:7516: result: yes
configure:7473: checking for stdlib.h
configure:7494: gcc -c -g -O2  conftest.c >&5
configure:7500: $? = 0
configure:7516: result: yes
configure:7473: checking for string.h
configure:7494: gcc -c -g -O2  conftest.c >&5
configure:7500: $? = 0
configure:7516: result: yes
configure:7473: checking for memory.h
configure:7494: gcc -c -g -O2  conftest.c >&5
configure:7500: $? = 0
configure:7516: result: yes
configure:7473: checking for strings.h
configure:7494: gcc -c -g -O2  conftest.c >&5
configure:7500: $? = 0
configure:7516: result: yes
configure:7473: checking for inttypes.h
configure:7494: gcc -c -g -O2  conftest.c >&5
configure:7500: $? = 0
configure:7516: result: yes
configure:7473: checking for stdint.h
configure:7494: gcc -c -g -O2  conftest.c >&5
configure:7500: $? = 0
configure:7516: result: yes
configure:7473: checking for unistd.h
configure:7494: gcc -c -g -O2  conftest.c >&5
configure:7500: $? = 0
configure:7516: result: yes
configure:7543: checking dlfcn.h usability
configure:7560: gcc -c -g -O2  conftest.c >&5
configure:7566: $? = 0
configure:7580: result: yes
configure:7584: checking dlfcn.h presence
configure:7599: gcc -E  conftest.c
configure:7605: $? = 0
configure:7619: result: yes
configure:7652: checking for dlfcn.h
configure:7660: result: yes
configure:7683: checking how to run the C++ preprocessor
configure:7719: g++ -E  conftest.cpp
configure:7725: $? = 0
configure:7756: g++ -E  conftest.cpp
conftest.cpp:26:28: error: ac_nonexistent.h: No such file or directory
configure:7762: $? = 1
configure: failed program was:
| /* confdefs.h.  */
| #define PACKAGE_NAME "gc"
| #define PACKAGE_TARNAME "gc"
| #define PACKAGE_VERSION "7.1"
| #define PACKAGE_STRING "gc 7.1"
| #define PACKAGE_BUGREPORT "Hans.Boehm@hp.com"
| #define GC_VERSION_MAJOR 7
| #define GC_VERSION_MINOR 1
| #define PACKAGE "gc"
| #define VERSION "7.1"
| #define GC_LINUX_THREADS 1
| #define _REENTRANT 1
| #define THREAD_LOCAL_ALLOC 1
| #define STDC_HEADERS 1
| #define HAVE_SYS_TYPES_H 1
| #define HAVE_SYS_STAT_H 1
| #define HAVE_STDLIB_H 1
| #define HAVE_STRING_H 1
| #define HAVE_MEMORY_H 1
| #define HAVE_STRINGS_H 1
| #define HAVE_INTTYPES_H 1
| #define HAVE_STDINT_H 1
| #define HAVE_UNISTD_H 1
| #define HAVE_DLFCN_H 1
| /* end confdefs.h.  */
| #include <ac_nonexistent.h>
configure:7795: result: g++ -E
configure:7824: g++ -E  conftest.cpp
configure:7830: $? = 0
configure:7861: g++ -E  conftest.cpp
conftest.cpp:26:28: error: ac_nonexistent.h: No such file or directory
configure:7867: $? = 1
configure: failed program was:
| /* confdefs.h.  */
| #define PACKAGE_NAME "gc"
| #define PACKAGE_TARNAME "gc"
| #define PACKAGE_VERSION "7.1"
| #define PACKAGE_STRING "gc 7.1"
| #define PACKAGE_BUGREPORT "Hans.Boehm@hp.com"
| #define GC_VERSION_MAJOR 7
| #define GC_VERSION_MINOR 1
| #define PACKAGE "gc"
| #define VERSION "7.1"
| #define GC_LINUX_THREADS 1
| #define _REENTRANT 1
| #define THREAD_LOCAL_ALLOC 1
| #define STDC_HEADERS 1
| #define HAVE_SYS_TYPES_H 1
| #define HAVE_SYS_STAT_H 1
| #define HAVE_STDLIB_H 1
| #define HAVE_STRING_H 1
| #define HAVE_MEMORY_H 1
| #define HAVE_STRINGS_H 1
| #define HAVE_INTTYPES_H 1
| #define HAVE_STDINT_H 1
| #define HAVE_UNISTD_H 1
| #define HAVE_DLFCN_H 1
| /* end confdefs.h.  */
| #include <ac_nonexistent.h>
configure:7960: checking for g77
configure:7990: result: no
configure:7960: checking for xlf
configure:7990: result: no
configure:7960: checking for f77
configure:7990: result: no
configure:7960: checking for frt
configure:7990: result: no
configure:7960: checking for pgf77
configure:7990: result: no
configure:7960: checking for cf77
configure:7990: result: no
configure:7960: checking for fort77
configure:7990: result: no
configure:7960: checking for fl32
configure:7990: result: no
configure:7960: checking for af77
configure:7990: result: no
configure:7960: checking for xlf90
configure:7990: result: no
configure:7960: checking for f90
configure:7990: result: no
configure:7960: checking for pgf90
configure:7990: result: no
configure:7960: checking for pghpf
configure:7990: result: no
configure:7960: checking for epcf90
configure:7990: result: no
configure:7960: checking for gfortran
configure:7990: result: no
configure:7960: checking for g95
configure:7990: result: no
configure:7960: checking for xlf95
configure:7990: result: no
configure:7960: checking for f95
configure:7990: result: no
configure:7960: checking for fort
configure:7990: result: no
configure:7960: checking for ifort
configure:7990: result: no
configure:7960: checking for ifc
configure:7990: result: no
configure:7960: checking for efc
configure:7990: result: no
configure:7960: checking for pgf95
configure:7990: result: no
configure:7960: checking for lf95
configure:7990: result: no
configure:7960: checking for ftn
configure:7990: result: no
configure:8017: checking for Fortran 77 compiler version
configure:8024:  --version >&5
/home/blshao/workspace/x10-compiler/x10.runtime/src-cpp/bdwgc/src/configure: line 8025: --version: command not found
configure:8027: $? = 127
configure:8034:  -v >&5
/home/blshao/workspace/x10-compiler/x10.runtime/src-cpp/bdwgc/src/configure: line 8035: -v: command not found
configure:8037: $? = 127
configure:8044:  -V >&5
/home/blshao/workspace/x10-compiler/x10.runtime/src-cpp/bdwgc/src/configure: line 8045: -V: command not found
configure:8047: $? = 127
configure:8055: checking whether we are using the GNU Fortran 77 compiler
configure:8074:  -c  conftest.F >&5
/home/blshao/workspace/x10-compiler/x10.runtime/src-cpp/bdwgc/src/configure: line 8075: -c: command not found
configure:8080: $? = 127
configure: failed program was:
|       program main
| #ifndef __GNUC__
|        choke me
| #endif
| 
|       end
configure:8097: result: no
configure:8103: checking whether  accepts -g
configure:8120:  -c -g conftest.f >&5
/home/blshao/workspace/x10-compiler/x10.runtime/src-cpp/bdwgc/src/configure: line 8121: -c: command not found
configure:8126: $? = 127
configure: failed program was:
|       program main
| 
|       end
configure:8142: result: no
configure:8172: checking the maximum length of command line arguments
configure:8281: result: 32768
configure:8292: checking command to parse /usr/bin/nm -B output from gcc object
configure:8397: gcc -c -g -O2  conftest.c >&5
configure:8400: $? = 0
configure:8404: /usr/bin/nm -B conftest.o \| sed -n -e 's/^.*[ 	]\([ABCDGIRSTW][ABCDGIRSTW]*\)[ 	][ 	]*\([_A-Za-z][_A-Za-z0-9]*\)$/\1 \2 \2/p' \> conftest.nm
configure:8407: $? = 0
configure:8459: gcc -o conftest -g -O2   conftest.c conftstm.o >&5
configure:8462: $? = 0
configure:8500: result: ok
configure:8504: checking for objdir
configure:8519: result: .libs
configure:8611: checking for ar
configure:8638: result: ar
configure:8707: checking for ranlib
configure:8734: result: ranlib
configure:8803: checking for strip
configure:8819: found /usr/bin/strip
configure:8830: result: strip
configure:9120: checking if gcc supports -fno-rtti -fno-exceptions
configure:9138: gcc -c -g -O2  -fno-rtti -fno-exceptions conftest.c >&5
cc1: warning: command line option "-fno-rtti" is valid for C++/ObjC++ but not for C
configure:9142: $? = 0
configure:9155: result: no
configure:9170: checking for gcc option to produce PIC
configure:9380: result: -fPIC
configure:9388: checking if gcc PIC flag -fPIC works
configure:9406: gcc -c -g -O2  -fPIC -DPIC conftest.c >&5
configure:9410: $? = 0
configure:9423: result: yes
configure:9451: checking if gcc static flag -static works
configure:9479: result: yes
configure:9489: checking if gcc supports -c -o file.o
configure:9510: gcc -c -g -O2  -o out/conftest2.o conftest.c >&5
configure:9514: $? = 0
configure:9536: result: yes
configure:9562: checking whether the gcc linker (/usr/bin/ld -m elf_x86_64) supports shared libraries
configure:10516: result: yes
configure:10537: checking whether -lc should be explicitly linked in
configure:10542: gcc -c -g -O2  conftest.c >&5
configure:10545: $? = 0
configure:10560: gcc -shared conftest.o  -v -Wl,-soname -Wl,conftest -o conftest 2\>\&1 \| grep  -lc  \>/dev/null 2\>\&1
configure:10563: $? = 0
configure:10575: result: no
configure:10583: checking dynamic linker characteristics
configure:11171: result: GNU/Linux ld.so
configure:11180: checking how to hardcode library paths into programs
configure:11205: result: immediate
configure:11219: checking whether stripping libraries is possible
configure:11224: result: yes
configure:12025: checking if libtool supports shared libraries
configure:12027: result: yes
configure:12030: checking whether to build shared libraries
configure:12051: result: yes
configure:12054: checking whether to build static libraries
configure:12058: result: yes
configure:12150: creating libtool
configure:12738: checking for ld used by g++
configure:12805: result: /usr/bin/ld -m elf_x86_64
configure:12814: checking if the linker (/usr/bin/ld -m elf_x86_64) is GNU ld
configure:12829: result: yes
configure:12880: checking whether the g++ linker (/usr/bin/ld -m elf_x86_64) supports shared libraries
configure:13814: result: yes
configure:13836: g++ -c -g -O2  conftest.cpp >&5
configure:13839: $? = 0
configure:13958: checking for g++ option to produce PIC
configure:14232: result: -fPIC
configure:14240: checking if g++ PIC flag -fPIC works
configure:14258: g++ -c -g -O2  -fPIC -DPIC conftest.cpp >&5
configure:14262: $? = 0
configure:14275: result: yes
configure:14303: checking if g++ static flag -static works
configure:14331: result: yes
configure:14341: checking if g++ supports -c -o file.o
configure:14362: g++ -c -g -O2  -o out/conftest2.o conftest.cpp >&5
configure:14366: $? = 0
configure:14388: result: yes
configure:14414: checking whether the g++ linker (/usr/bin/ld -m elf_x86_64) supports shared libraries
configure:14439: result: yes
configure:14506: checking dynamic linker characteristics
configure:15094: result: GNU/Linux ld.so
configure:15103: checking how to hardcode library paths into programs
configure:15128: result: immediate
configure:21287: checking sys/dg_sys_info.h usability
configure:21304: gcc -c -g -O2  conftest.c >&5
conftest.c:59:29: error: sys/dg_sys_info.h: No such file or directory
configure:21310: $? = 1
configure: failed program was:
| /* confdefs.h.  */
| #define PACKAGE_NAME "gc"
| #define PACKAGE_TARNAME "gc"
| #define PACKAGE_VERSION "7.1"
| #define PACKAGE_STRING "gc 7.1"
| #define PACKAGE_BUGREPORT "Hans.Boehm@hp.com"
| #define GC_VERSION_MAJOR 7
| #define GC_VERSION_MINOR 1
| #define PACKAGE "gc"
| #define VERSION "7.1"
| #define GC_LINUX_THREADS 1
| #define _REENTRANT 1
| #define THREAD_LOCAL_ALLOC 1
| #define STDC_HEADERS 1
| #define HAVE_SYS_TYPES_H 1
| #define HAVE_SYS_STAT_H 1
| #define HAVE_STDLIB_H 1
| #define HAVE_STRING_H 1
| #define HAVE_MEMORY_H 1
| #define HAVE_STRINGS_H 1
| #define HAVE_INTTYPES_H 1
| #define HAVE_STDINT_H 1
| #define HAVE_UNISTD_H 1
| #define HAVE_DLFCN_H 1
| /* end confdefs.h.  */
| #include <stdio.h>
| #ifdef HAVE_SYS_TYPES_H
| # include <sys/types.h>
| #endif
| #ifdef HAVE_SYS_STAT_H
| # include <sys/stat.h>
| #endif
| #ifdef STDC_HEADERS
| # include <stdlib.h>
| # include <stddef.h>
| #else
| # ifdef HAVE_STDLIB_H
| #  include <stdlib.h>
| # endif
| #endif
| #ifdef HAVE_STRING_H
| # if !defined STDC_HEADERS && defined HAVE_MEMORY_H
| #  include <memory.h>
| # endif
| # include <string.h>
| #endif
| #ifdef HAVE_STRINGS_H
| # include <strings.h>
| #endif
| #ifdef HAVE_INTTYPES_H
| # include <inttypes.h>
| #endif
| #ifdef HAVE_STDINT_H
| # include <stdint.h>
| #endif
| #ifdef HAVE_UNISTD_H
| # include <unistd.h>
| #endif
| #include <sys/dg_sys_info.h>
configure:21324: result: no
configure:21328: checking sys/dg_sys_info.h presence
configure:21343: gcc -E  conftest.c
conftest.c:26:29: error: sys/dg_sys_info.h: No such file or directory
configure:21349: $? = 1
configure: failed program was:
| /* confdefs.h.  */
| #define PACKAGE_NAME "gc"
| #define PACKAGE_TARNAME "gc"
| #define PACKAGE_VERSION "7.1"
| #define PACKAGE_STRING "gc 7.1"
| #define PACKAGE_BUGREPORT "Hans.Boehm@hp.com"
| #define GC_VERSION_MAJOR 7
| #define GC_VERSION_MINOR 1
| #define PACKAGE "gc"
| #define VERSION "7.1"
| #define GC_LINUX_THREADS 1
| #define _REENTRANT 1
| #define THREAD_LOCAL_ALLOC 1
| #define STDC_HEADERS 1
| #define HAVE_SYS_TYPES_H 1
| #define HAVE_SYS_STAT_H 1
| #define HAVE_STDLIB_H 1
| #define HAVE_STRING_H 1
| #define HAVE_MEMORY_H 1
| #define HAVE_STRINGS_H 1
| #define HAVE_INTTYPES_H 1
| #define HAVE_STDINT_H 1
| #define HAVE_UNISTD_H 1
| #define HAVE_DLFCN_H 1
| /* end confdefs.h.  */
| #include <sys/dg_sys_info.h>
configure:21363: result: no
configure:21396: checking for sys/dg_sys_info.h
configure:21403: result: no
configure:21450: checking whether Solaris gcc optimization fix is necessary
configure:21473: result: no
configure:21788: checking atomic_ops.h usability
configure:21805: gcc -c -g -O2  conftest.c >&5
conftest.c:64:24: error: atomic_ops.h: No such file or directory
configure:21811: $? = 1
configure: failed program was:
| /* confdefs.h.  */
| #define PACKAGE_NAME "gc"
| #define PACKAGE_TARNAME "gc"
| #define PACKAGE_VERSION "7.1"
| #define PACKAGE_STRING "gc 7.1"
| #define PACKAGE_BUGREPORT "Hans.Boehm@hp.com"
| #define GC_VERSION_MAJOR 7
| #define GC_VERSION_MINOR 1
| #define PACKAGE "gc"
| #define VERSION "7.1"
| #define GC_LINUX_THREADS 1
| #define _REENTRANT 1
| #define THREAD_LOCAL_ALLOC 1
| #define STDC_HEADERS 1
| #define HAVE_SYS_TYPES_H 1
| #define HAVE_SYS_STAT_H 1
| #define HAVE_STDLIB_H 1
| #define HAVE_STRING_H 1
| #define HAVE_MEMORY_H 1
| #define HAVE_STRINGS_H 1
| #define HAVE_INTTYPES_H 1
| #define HAVE_STDINT_H 1
| #define HAVE_UNISTD_H 1
| #define HAVE_DLFCN_H 1
| #define NO_EXECUTE_PERMISSION 1
| #define ALL_INTERIOR_POINTERS 1
| #define GC_GCJ_SUPPORT 1
| #define JAVA_FINALIZATION 1
| #define ATOMIC_UNCOLLECTABLE 1
| /* end confdefs.h.  */
| #include <stdio.h>
| #ifdef HAVE_SYS_TYPES_H
| # include <sys/types.h>
| #endif
| #ifdef HAVE_SYS_STAT_H
| # include <sys/stat.h>
| #endif
| #ifdef STDC_HEADERS
| # include <stdlib.h>
| # include <stddef.h>
| #else
| # ifdef HAVE_STDLIB_H
| #  include <stdlib.h>
| # endif
| #endif
| #ifdef HAVE_STRING_H
| # if !defined STDC_HEADERS && defined HAVE_MEMORY_H
| #  include <memory.h>
| # endif
| # include <string.h>
| #endif
| #ifdef HAVE_STRINGS_H
| # include <strings.h>
| #endif
| #ifdef HAVE_INTTYPES_H
| # include <inttypes.h>
| #endif
| #ifdef HAVE_STDINT_H
| # include <stdint.h>
| #endif
| #ifdef HAVE_UNISTD_H
| # include <unistd.h>
| #endif
| #include <atomic_ops.h>
configure:21825: result: no
configure:21829: checking atomic_ops.h presence
configure:21844: gcc -E  conftest.c
conftest.c:31:24: error: atomic_ops.h: No such file or directory
configure:21850: $? = 1
configure: failed program was:
| /* confdefs.h.  */
| #define PACKAGE_NAME "gc"
| #define PACKAGE_TARNAME "gc"
| #define PACKAGE_VERSION "7.1"
| #define PACKAGE_STRING "gc 7.1"
| #define PACKAGE_BUGREPORT "Hans.Boehm@hp.com"
| #define GC_VERSION_MAJOR 7
| #define GC_VERSION_MINOR 1
| #define PACKAGE "gc"
| #define VERSION "7.1"
| #define GC_LINUX_THREADS 1
| #define _REENTRANT 1
| #define THREAD_LOCAL_ALLOC 1
| #define STDC_HEADERS 1
| #define HAVE_SYS_TYPES_H 1
| #define HAVE_SYS_STAT_H 1
| #define HAVE_STDLIB_H 1
| #define HAVE_STRING_H 1
| #define HAVE_MEMORY_H 1
| #define HAVE_STRINGS_H 1
| #define HAVE_INTTYPES_H 1
| #define HAVE_STDINT_H 1
| #define HAVE_UNISTD_H 1
| #define HAVE_DLFCN_H 1
| #define NO_EXECUTE_PERMISSION 1
| #define ALL_INTERIOR_POINTERS 1
| #define GC_GCJ_SUPPORT 1
| #define JAVA_FINALIZATION 1
| #define ATOMIC_UNCOLLECTABLE 1
| /* end confdefs.h.  */
| #include <atomic_ops.h>
configure:21864: result: no
configure:21897: checking for atomic_ops.h
configure:21904: result: no
configure:21932: Using internal version of libatomic_ops
configure:22219: creating ./config.status

## ---------------------- ##
## Running config.status. ##
## ---------------------- ##

This file was extended by gc config.status 7.1, which was
generated by GNU Autoconf 2.61.  Invocation command line was

  CONFIG_FILES    = 
  CONFIG_HEADERS  = 
  CONFIG_LINKS    = 
  CONFIG_COMMANDS = 
  $ ./config.status 

on blshao

config.status:693: creating Makefile
config.status:693: creating bdw-gc.pc
config.status:878: executing depfiles commands
config.status:878: executing default commands
configure:23449: === configuring in libatomic_ops (/home/blshao/workspace/x10-compiler/x10.runtime/src-cpp/bdwgc/src/libatomic_ops)
configure:23552: running /bin/sh ./configure '--prefix=/home/blshao/workspace/x10-compiler/x10.runtime/src-cpp/bdwgc/install'  '-enable-threads=posix' '-enable-thread-local-alloc' --cache-file=/dev/null --srcdir=.

## ---------------- ##
## Cache variables. ##
## ---------------- ##

ac_cv_build=x86_64-unknown-linux-gnu
ac_cv_c_compiler_gnu=yes
ac_cv_cxx_compiler_gnu=yes
ac_cv_env_CCASFLAGS_set=
ac_cv_env_CCASFLAGS_value=
ac_cv_env_CCAS_set=
ac_cv_env_CCAS_value=
ac_cv_env_CCC_set=
ac_cv_env_CCC_value=
ac_cv_env_CC_set=
ac_cv_env_CC_value=
ac_cv_env_CFLAGS_set=
ac_cv_env_CFLAGS_value=
ac_cv_env_CPPFLAGS_set=
ac_cv_env_CPPFLAGS_value=
ac_cv_env_CPP_set=
ac_cv_env_CPP_value=
ac_cv_env_CXXCPP_set=
ac_cv_env_CXXCPP_value=
ac_cv_env_CXXFLAGS_set=
ac_cv_env_CXXFLAGS_value=
ac_cv_env_CXX_set=
ac_cv_env_CXX_value=
ac_cv_env_F77_set=
ac_cv_env_F77_value=
ac_cv_env_FFLAGS_set=
ac_cv_env_FFLAGS_value=
ac_cv_env_LDFLAGS_set=
ac_cv_env_LDFLAGS_value=
ac_cv_env_LIBS_set=
ac_cv_env_LIBS_value=
ac_cv_env_build_alias_set=
ac_cv_env_build_alias_value=
ac_cv_env_host_alias_set=
ac_cv_env_host_alias_value=
ac_cv_env_target_alias_set=
ac_cv_env_target_alias_value=
ac_cv_f77_compiler_gnu=no
ac_cv_header_atomic_ops_h=no
ac_cv_header_dlfcn_h=yes
ac_cv_header_inttypes_h=yes
ac_cv_header_memory_h=yes
ac_cv_header_stdc=yes
ac_cv_header_stdint_h=yes
ac_cv_header_stdlib_h=yes
ac_cv_header_string_h=yes
ac_cv_header_strings_h=yes
ac_cv_header_sys_dg_sys_info_h=no
ac_cv_header_sys_stat_h=yes
ac_cv_header_sys_types_h=yes
ac_cv_header_unistd_h=yes
ac_cv_host=x86_64-unknown-linux-gnu
ac_cv_lib_dl_dlopen=yes
ac_cv_objext=o
ac_cv_path_EGREP='/bin/grep -E'
ac_cv_path_GREP=/bin/grep
ac_cv_path_install='/usr/bin/install -c'
ac_cv_prog_AWK=gawk
ac_cv_prog_CPP='gcc -E'
ac_cv_prog_CXXCPP='g++ -E'
ac_cv_prog_ac_ct_AR=ar
ac_cv_prog_ac_ct_CC=gcc
ac_cv_prog_ac_ct_CXX=g++
ac_cv_prog_ac_ct_RANLIB=ranlib
ac_cv_prog_ac_ct_STRIP=strip
ac_cv_prog_cc_c89=
ac_cv_prog_cc_g=yes
ac_cv_prog_cc_gcc_c_o=yes
ac_cv_prog_cxx_g=yes
ac_cv_prog_f77_g=no
ac_cv_prog_make_make_set=yes
ac_cv_target=x86_64-unknown-linux-gnu
am_cv_CC_dependencies_compiler_type=gcc3
am_cv_CXX_dependencies_compiler_type=gcc3
lt_cv_deplibs_check_method=pass_all
lt_cv_file_magic_cmd='$MAGIC_CMD'
lt_cv_file_magic_test_file=
lt_cv_ld_reload_flag=-r
lt_cv_objdir=.libs
lt_cv_path_LD=/usr/bin/ld
lt_cv_path_LDCXX='/usr/bin/ld -m elf_x86_64'
lt_cv_path_NM='/usr/bin/nm -B'
lt_cv_path_SED=/bin/sed
lt_cv_prog_compiler_c_o=yes
lt_cv_prog_compiler_c_o_CXX=yes
lt_cv_prog_compiler_rtti_exceptions=no
lt_cv_prog_gnu_ld=yes
lt_cv_prog_gnu_ldcxx=yes
lt_cv_sys_global_symbol_pipe='sed -n -e '\''s/^.*[ 	]\([ABCDGIRSTW][ABCDGIRSTW]*\)[ 	][ 	]*\([_A-Za-z][_A-Za-z0-9]*\)$/\1 \2 \2/p'\'''
lt_cv_sys_global_symbol_to_c_name_address='sed -n -e '\''s/^: \([^ ]*\) $/  {\"\1\", (lt_ptr) 0},/p'\'' -e '\''s/^[BCDEGRST] \([^ ]*\) \([^ ]*\)$/  {"\2", (lt_ptr) \&\2},/p'\'''
lt_cv_sys_global_symbol_to_cdecl='sed -n -e '\''s/^. .* \(.*\)$/extern int \1;/p'\'''
lt_cv_sys_max_cmd_len=32768
lt_lt_cv_prog_compiler_c_o='"yes"'
lt_lt_cv_prog_compiler_c_o_CXX='"yes"'
lt_lt_cv_sys_global_symbol_pipe='"sed -n -e '\''s/^.*[ 	]\\([ABCDGIRSTW][ABCDGIRSTW]*\\)[ 	][ 	]*\\([_A-Za-z][_A-Za-z0-9]*\\)\$/\\1 \\2 \\2/p'\''"'
lt_lt_cv_sys_global_symbol_to_c_name_address='"sed -n -e '\''s/^: \\([^ ]*\\) \$/  {\\\"\\1\\\", (lt_ptr) 0},/p'\'' -e '\''s/^[BCDEGRST] \\([^ ]*\\) \\([^ ]*\\)\$/  {\"\\2\", (lt_ptr) \\&\\2},/p'\''"'
lt_lt_cv_sys_global_symbol_to_cdecl='"sed -n -e '\''s/^. .* \\(.*\\)\$/extern int \\1;/p'\''"'

## ----------------- ##
## Output variables. ##
## ----------------- ##

ACLOCAL='${SHELL} /home/blshao/workspace/x10-compiler/x10.runtime/src-cpp/bdwgc/src/missing --run aclocal-1.9'
AMDEPBACKSLASH='\'
AMDEP_FALSE='#'
AMDEP_TRUE=''
AMTAR='${SHELL} /home/blshao/workspace/x10-compiler/x10.runtime/src-cpp/bdwgc/src/missing --run tar'
AR='ar'
AUTOCONF='${SHELL} /home/blshao/workspace/x10-compiler/x10.runtime/src-cpp/bdwgc/src/missing --run autoconf'
AUTOHEADER='${SHELL} /home/blshao/workspace/x10-compiler/x10.runtime/src-cpp/bdwgc/src/missing --run autoheader'
AUTOMAKE='${SHELL} /home/blshao/workspace/x10-compiler/x10.runtime/src-cpp/bdwgc/src/missing --run automake-1.9'
AVOID_CPP_LIB_FALSE=''
AVOID_CPP_LIB_TRUE='#'
AWK='gawk'
CC='gcc'
CCAS='gcc'
CCASFLAGS='-g -O2'
CCDEPMODE='depmode=gcc3'
CFLAGS='-g -O2'
COMPILER_XLC_FALSE=''
COMPILER_XLC_TRUE='#'
CPLUSPLUS_FALSE=''
CPLUSPLUS_TRUE='#'
CPP='gcc -E'
CPPFLAGS=''
CXX='g++'
CXXCPP='g++ -E'
CXXDEPMODE='depmode=gcc3'
CXXFLAGS='-g -O2'
CXXINCLUDES=''
CYGPATH_W='echo'
DARWIN_THREADS_FALSE=''
DARWIN_THREADS_TRUE='#'
DEFS='-DPACKAGE_NAME=\"gc\" -DPACKAGE_TARNAME=\"gc\" -DPACKAGE_VERSION=\"7.1\" -DPACKAGE_STRING=\"gc\ 7.1\" -DPACKAGE_BUGREPORT=\"Hans.Boehm@hp.com\" -DGC_VERSION_MAJOR=7 -DGC_VERSION_MINOR=1 -DPACKAGE=\"gc\" -DVERSION=\"7.1\" -DGC_LINUX_THREADS=1 -D_REENTRANT=1 -DTHREAD_LOCAL_ALLOC=1 -DSTDC_HEADERS=1 -DHAVE_SYS_TYPES_H=1 -DHAVE_SYS_STAT_H=1 -DHAVE_STDLIB_H=1 -DHAVE_STRING_H=1 -DHAVE_MEMORY_H=1 -DHAVE_STRINGS_H=1 -DHAVE_INTTYPES_H=1 -DHAVE_STDINT_H=1 -DHAVE_UNISTD_H=1 -DHAVE_DLFCN_H=1 -DNO_EXECUTE_PERMISSION=1 -DALL_INTERIOR_POINTERS=1 -DGC_GCJ_SUPPORT=1 -DJAVA_FINALIZATION=1 -DATOMIC_UNCOLLECTABLE=1'
DEPDIR='.deps'
ECHO='echo'
ECHO_C=''
ECHO_N='-n'
ECHO_T=''
EGREP='/bin/grep -E'
ENABLE_GCJ_SUPPORT_FALSE='#'
ENABLE_GCJ_SUPPORT_TRUE=''
EXEEXT=''
EXTRA_TEST_LIBS=''
F77=''
FFLAGS=''
GC_CFLAGS=' -fexceptions -I libatomic_ops/src'
GC_VERSION=''
GREP='/bin/grep'
INCLUDES='-I./include'
INSTALL_DATA='${INSTALL} -m 644'
INSTALL_PROGRAM='${INSTALL}'
INSTALL_SCRIPT='${INSTALL}'
INSTALL_STRIP_PROGRAM='${SHELL} $(install_sh) -c -s'
LDFLAGS=''
LIBOBJS=''
LIBS=''
LIBTOOL='$(SHELL) $(top_builddir)/libtool'
LN_S='ln -s'
LTLIBOBJS=''
MAINT='#'
MAINTAINER_MODE_FALSE=''
MAINTAINER_MODE_TRUE='#'
MAKEINFO='${SHELL} /home/blshao/workspace/x10-compiler/x10.runtime/src-cpp/bdwgc/src/missing --run makeinfo'
NEED_ATOMIC_OPS_ASM_FALSE=''
NEED_ATOMIC_OPS_ASM_TRUE='#'
OBJEXT='o'
PACKAGE='gc'
PACKAGE_BUGREPORT='Hans.Boehm@hp.com'
PACKAGE_NAME='gc'
PACKAGE_STRING='gc 7.1'
PACKAGE_TARNAME='gc'
PACKAGE_VERSION='7.1'
PATH_SEPARATOR=':'
PTHREADS_FALSE='#'
PTHREADS_TRUE=''
RANLIB='ranlib'
SET_MAKE=''
SHELL='/bin/sh'
STRIP='strip'
THREADDLLIBS='-lpthread -ldl'
THREADS_FALSE='#'
THREADS_TRUE=''
UNWINDLIBS=''
USE_INTERNAL_LIBATOMIC_OPS_FALSE='#'
USE_INTERNAL_LIBATOMIC_OPS_TRUE=''
USE_LIBDIR_FALSE='#'
USE_LIBDIR_TRUE=''
VERSION='7.1'
WIN32_THREADS_FALSE=''
WIN32_THREADS_TRUE='#'
ac_ct_CC='gcc'
ac_ct_CXX='g++'
ac_ct_F77=''
addlibs=''
addobjs=' mach_dep.lo'
am__fastdepCC_FALSE='#'
am__fastdepCC_TRUE=''
am__fastdepCXX_FALSE='#'
am__fastdepCXX_TRUE=''
am__include='include'
am__leading_dot='.'
am__quote=''
am__tar='${AMTAR} chof - "$$tardir"'
am__untar='${AMTAR} xf -'
atomic_ops_libs='-latomic_ops'
bindir='${exec_prefix}/bin'
build='x86_64-unknown-linux-gnu'
build_alias=''
build_cpu='x86_64'
build_os='linux-gnu'
build_vendor='unknown'
datadir='${datarootdir}'
datarootdir='${prefix}/share'
docdir='${datarootdir}/doc/${PACKAGE_TARNAME}'
dvidir='${docdir}'
exec_prefix='${prefix}'
extra_ldflags_libgc=''
host='x86_64-unknown-linux-gnu'
host_alias=''
host_cpu='x86_64'
host_os='linux-gnu'
host_vendor='unknown'
htmldir='${docdir}'
includedir='${prefix}/include'
infodir='${datarootdir}/info'
install_sh='/home/blshao/workspace/x10-compiler/x10.runtime/src-cpp/bdwgc/src/install-sh'
libdir='${exec_prefix}/lib'
libexecdir='${exec_prefix}/libexec'
localedir='${datarootdir}/locale'
localstatedir='${prefix}/var'
mandir='${datarootdir}/man'
mkdir_p='mkdir -p --'
oldincludedir='/usr/include'
pdfdir='${docdir}'
prefix='/home/blshao/workspace/x10-compiler/x10.runtime/src-cpp/bdwgc/install'
program_transform_name='s,x,x,'
psdir='${docdir}'
sbindir='${exec_prefix}/sbin'
sharedstatedir='${prefix}/com'
subdirs=' libatomic_ops'
sysconfdir='${prefix}/etc'
target='x86_64-unknown-linux-gnu'
target_alias=''
target_all='libgc.la'
target_cpu='x86_64'
target_os='linux-gnu'
target_vendor='unknown'

## ----------- ##
## confdefs.h. ##
## ----------- ##

#define PACKAGE_NAME "gc"
#define PACKAGE_TARNAME "gc"
#define PACKAGE_VERSION "7.1"
#define PACKAGE_STRING "gc 7.1"
#define PACKAGE_BUGREPORT "Hans.Boehm@hp.com"
#define GC_VERSION_MAJOR 7
#define GC_VERSION_MINOR 1
#define PACKAGE "gc"
#define VERSION "7.1"
#define GC_LINUX_THREADS 1
#define _REENTRANT 1
#define THREAD_LOCAL_ALLOC 1
#define STDC_HEADERS 1
#define HAVE_SYS_TYPES_H 1
#define HAVE_SYS_STAT_H 1
#define HAVE_STDLIB_H 1
#define HAVE_STRING_H 1
#define HAVE_MEMORY_H 1
#define HAVE_STRINGS_H 1
#define HAVE_INTTYPES_H 1
#define HAVE_STDINT_H 1
#define HAVE_UNISTD_H 1
#define HAVE_DLFCN_H 1
#define NO_EXECUTE_PERMISSION 1
#define ALL_INTERIOR_POINTERS 1
#define GC_GCJ_SUPPORT 1
#define JAVA_FINALIZATION 1
#define ATOMIC_UNCOLLECTABLE 1

configure: exit 0
