1000000 4000000 1 processor
2000000 8000000 1 processor
3000000 12000000 1 processor
4000000 16000000 1 processor
5000000 20000000 1 processor
1000000 4000000 2 processor
2000000 8000000 2 processor
3000000 12000000 2 processor
4000000 16000000 2 processor
5000000 20000000 2 processor
1000000 4000000 4 processor
2000000 8000000 4 processor
3000000 12000000 4 processor
4000000 16000000 4 processor
5000000 20000000 4 processor
1000000 4000000 8 processor
2000000 8000000 8 processor
3000000 12000000 8 processor
4000000 16000000 8 processor
5000000 20000000 8 processor
1000000 4000000 16 processor
2000000 8000000 16 processor
3000000 12000000 16 processor
4000000 16000000 16 processor
5000000 20000000 16 processor
