This is pdfeTeX, Version 3.141592-1.11b-2.1 (MiKTeX 2.4) (preloaded format=latex 2000.11.28)  25 JUL 2004 07:10
entering extended mode
**x10only
(x10only.tex{pdftex.cfg}
LaTeX2e <2001/06/01>
Babel <v3.7m> and hyphenation patterns for english, french, german, ngerman, du
mylang, nohyphenation, loaded.
(algol60.cls
Document Class: algol60 1997/03/13 Algol 60 document class
(C:\texmf\tex\latex\base\size10.clo
File: size10.clo 2001/04/21 v1.4e Standard LaTeX file (size option)
)
\c@part=\count79
\c@chapter=\count80
\c@section=\count81
\c@subsection=\count82
\c@subsubsection=\count83
\c@paragraph=\count84
\c@subparagraph=\count85
\c@figure=\count86
\c@table=\count87
\abovecaptionskip=\skip41
\belowcaptionskip=\skip42
\bibindent=\dimen102
)
\@indexfile=\write3

Writing index file x10only.idx
(commands.tex
\modwidth=\skip43
\modskip=\skip44
\@modheight=\skip45
\@modpos=\skip46
) (x10only.aux)
LaTeX Font Info:    Checking defaults for OML/cmm/m/it on input line 37.
LaTeX Font Info:    ... okay on input line 37.
LaTeX Font Info:    Checking defaults for T1/cmr/m/n on input line 37.
LaTeX Font Info:    ... okay on input line 37.
LaTeX Font Info:    Checking defaults for OT1/cmr/m/n on input line 37.
LaTeX Font Info:    ... okay on input line 37.
LaTeX Font Info:    Checking defaults for OMS/cmsy/m/n on input line 37.
LaTeX Font Info:    ... okay on input line 37.
LaTeX Font Info:    Checking defaults for OMX/cmex/m/n on input line 37.
LaTeX Font Info:    ... okay on input line 37.
LaTeX Font Info:    Checking defaults for U/cmr/m/n on input line 37.
LaTeX Font Info:    ... okay on input line 37.
 (XtenIntro.tex [1{psfonts.map}


]) [2

]
(XtenOverview.tex
 1.
LaTeX Font Info:    Try loading font information for OMS+cmr on input line 10.
(C:\texmf\tex\latex\base\omscmr.fd
File: omscmr.fd 1999/05/25 v2.5h Standard LaTeX font definitions
)
LaTeX Font Info:    Font shape `OMS/cmr/m/n' in size <10> not available
(Font)              Font shape `OMS/cmsy/m/n' tried instead on input line 10.


LaTeX Warning: Reference `XtenPlaces' on page 3 undefined on input line 10.


LaTeX Warning: Reference `XtenObjects' on page 3 undefined on input line 17.


LaTeX Warning: Reference `XtenActivities' on page 3 undefined on input line 19.



LaTeX Warning: Reference `AsynchronousActivity' on page 3 undefined on input li
ne 34.


LaTeX Warning: Reference `XtenFutures' on page 3 undefined on input line 36.


LaTeX Warning: Reference `XtenInterfaces' on page 3 undefined on input line 101
.


LaTeX Warning: Reference `XtenClasses' on page 3 undefined on input line 102.

[3

]

LaTeX Warning: Reference `XtenClasses' on page 4 undefined on input line 109.


LaTeX Warning: Reference `ReferenceClasses' on page 4 undefined on input line 1
17.


LaTeX Warning: Reference `ValueClasses' on page 4 undefined on input line 118.


LaTeX Warning: Reference `ValueClasses' on page 4 undefined on input line 124.


LaTeX Warning: Reference `XtenDistributions' on page 4 undefined on input line 
135.


LaTeX Warning: Reference `XtenRegions' on page 4 undefined on input line 138.


LaTeX Warning: Reference `ClassCast' on page 4 undefined on input line 177.

LaTeX Font Info:    External font `cmex10' loaded for size
(Font)              <7> on input line 216.
LaTeX Font Info:    External font `cmex10' loaded for size
(Font)              <5> on input line 216.
LaTeX Font Info:    External font `cmex10' loaded for size
(Font)              <8> on input line 217.
LaTeX Font Info:    External font `cmex10' loaded for size
(Font)              <6> on input line 217.
[4]) (XtenClocks.tex
 2.
[5] [6]
LaTeX Font Info:    Try loading font information for OMS+cmtt on input line 291
.
LaTeX Font Info:    No file OMScmtt.fd. on input line 291.


LaTeX Font Warning: Font shape `OMS/cmtt/m/n' undefined
(Font)              using `OMS/cmsy/m/n' instead
(Font)              for symbol `textbraceleft' on input line 291.

) [7] (x10only.bbl) (x10.ind [8

] [9

]) [10

] (x10only.aux)

LaTeX Font Warning: Some font shapes were not available, defaults substituted.


LaTeX Warning: There were undefined references.

 ) 
Here is how much of TeX's memory you used:
 459 strings out of 95518
 4246 string characters out of 1189726
 53396 words of memory out of 1050803
 3544 multiletter control sequences out of 35000
 9372 words of font info for 35 fonts, out of 500000 for 1000
 14 hyphenation exceptions out of 607
 26i,11n,19p,409b,282s stack positions out of 1500i,500n,5000p,200000b,32768s
 83 PDF objects out of 65536
 0 named destinations out of 20000
 1 words of extra memory for PDF output out of 65536
<cmsy9.pfb><cmtt8.pfb><cmmi10.pfb><cmti9.pfb><cmtt9.pfb><cmss8.pfb><cmr8.pfb>
<cmr6.pfb><cmr7.pfb><cmsy10.pfb><cmss12.pfb><cmtt10.pfb><cmti10.pfb><cmbx12.pfb
><cmss10.pfb><cmbx10.pfb><cmr10.pfb>
Output written on x10only.pdf (10 pages, 173864 bytes).
