\BOOKMARK [1][]{section.1}{1 Introduction}{}
\BOOKMARK [2][]{subsection.1.1}{1.1 Design Goals}{section.1}
\BOOKMARK [2][]{subsection.1.2}{1.2 Summary of desired functionality}{section.1}
\BOOKMARK [2][]{subsection.1.3}{1.3 Overview of the design}{section.1}
\BOOKMARK [1][]{section.2}{2 Design overview}{}
\BOOKMARK [2][]{subsection.2.1}{2.1 Global Address Space}{section.2}
\BOOKMARK [3][]{subsubsection.2.1.1}{2.1.1 Implementation}{subsection.2.1}
\BOOKMARK [3][]{subsubsection.2.1.2}{2.1.2 Remote References}{subsection.2.1}
\BOOKMARK [2][]{subsection.2.2}{2.2 Deployment}{section.2}
\BOOKMARK [3][]{subsubsection.2.2.1}{2.2.1 Activities}{subsection.2.2}
\BOOKMARK [3][]{subsubsection.2.2.2}{2.2.2 Atomics}{subsection.2.2}
\BOOKMARK [2][]{subsection.2.3}{2.3 Arrays}{section.2}
\BOOKMARK [3][]{subsubsection.2.3.1}{2.3.1 Regular Arrays}{subsection.2.3}
\BOOKMARK [3][]{subsubsection.2.3.2}{2.3.2 Semi-regular Arrays}{subsection.2.3}
\BOOKMARK [3][]{subsubsection.2.3.3}{2.3.3 Irregular Arrays}{subsection.2.3}
\BOOKMARK [2][]{subsection.2.4}{2.4 Execution Environment}{section.2}
\BOOKMARK [1][]{section.3}{3 Conclusion}{}
\BOOKMARK [1][]{section.A}{A Background}{}
\BOOKMARK [2][]{subsection.A.1}{A.1 X10}{section.A}
\BOOKMARK [2][]{subsection.A.2}{A.2 Messaging Passing Interface \(MPI\)}{section.A}
\BOOKMARK [2][]{subsection.A.3}{A.3 LAPI}{section.A}
\BOOKMARK [2][]{subsection.A.4}{A.4 ARMCI}{section.A}
\BOOKMARK [2][]{subsection.A.5}{A.5 GASNet }{section.A}
\BOOKMARK [1][]{section.B}{B Notes for X10 compiler writers}{}
\BOOKMARK [2][]{subsection.B.1}{B.1 Garbage collection}{section.B}
\BOOKMARK [2][]{subsection.B.2}{B.2 Asyncs}{section.B}
\BOOKMARK [2][]{subsection.B.3}{B.3 Atomics}{section.B}
\BOOKMARK [2][]{subsection.B.4}{B.4 Arrays}{section.B}
