moxie - vijay - tmp > foreach p ( 32 28 24 20 16 12 8 6 4 2 1 )
foreach? foreach n ( 1000000 2000000 3000000 4000000 5000000 )
foreach? java -cp cws.jar -Xmx2G SpanFTRO $p $n 4
foreach? end
foreach? end
Number of procs=32
N=1000000
D=4
N=1000000 t=15.872
N=1000000 t=0.072
N=1000000 t=0.106
N=1000000 t=0.073
N=1000000 t=0.071
N=1000000 t=0.074
N=1000000 t=0.071
N=1000000 t=0.071
N=1000000 t=0.071
Completed iterations for N=1000000
Number of procs=32
N=2000000
D=4
N=2000000 t=17.365
N=2000000 t=0.145
N=2000000 t=0.143
N=2000000 t=0.181
N=2000000 t=0.145
N=2000000 t=0.142
N=2000000 t=0.173
N=2000000 t=0.145
N=2000000 t=0.167
Completed iterations for N=2000000
Number of procs=32
N=3000000
D=4
N=3000000 t=24.997
N=3000000 t=0.239
N=3000000 t=0.271
N=3000000 t=0.230
N=3000000 t=0.228
N=3000000 t=0.241
N=3000000 t=0.228
N=3000000 t=0.267
N=3000000 t=0.261
Completed iterations for N=3000000
Number of procs=32
N=4000000
D=4
N=4000000 t=33.610
N=4000000 t=0.334
N=4000000 t=0.322
N=4000000 t=0.353
N=4000000 t=0.328
N=4000000 t=0.322
N=4000000 t=0.347
N=4000000 t=0.321
N=4000000 t=0.355
Completed iterations for N=4000000
Number of procs=32
N=5000000
D=4
N=5000000 t=39.785
N=5000000 t=0.464
N=5000000 t=0.454
N=5000000 t=0.461
N=5000000 t=0.484
N=5000000 t=0.507
N=5000000 t=0.429
N=5000000 t=0.474
N=5000000 t=0.423
Completed iterations for N=5000000
Number of procs=28
N=1000000
D=4
N=1000000 t=9.505
N=1000000 t=0.099
N=1000000 t=0.081
N=1000000 t=0.078
N=1000000 t=0.080
N=1000000 t=0.080
N=1000000 t=0.079
N=1000000 t=0.080
N=1000000 t=0.079
Completed iterations for N=1000000
Number of procs=28
N=2000000
D=4
N=2000000 t=16.226
N=2000000 t=0.165
N=2000000 t=0.163
N=2000000 t=0.160
N=2000000 t=0.160
N=2000000 t=0.178
N=2000000 t=0.160
N=2000000 t=0.160
N=2000000 t=0.161
Completed iterations for N=2000000
Number of procs=28
N=3000000
D=4
N=3000000 t=22.040
N=3000000 t=0.254
N=3000000 t=0.256
N=3000000 t=0.253
N=3000000 t=0.251
N=3000000 t=0.252
N=3000000 t=0.250
N=3000000 t=0.251
N=3000000 t=0.253
Completed iterations for N=3000000
Number of procs=28
N=4000000
D=4
N=4000000 t=32.294
N=4000000 t=0.373
N=4000000 t=0.382
N=4000000 t=0.360
N=4000000 t=0.358
N=4000000 t=0.358
N=4000000 t=0.364
N=4000000 t=0.360
N=4000000 t=0.366
Completed iterations for N=4000000
Number of procs=28
N=5000000
D=4
N=5000000 t=38.825
N=5000000 t=0.484
N=5000000 t=0.502
N=5000000 t=0.489
N=5000000 t=0.475
N=5000000 t=0.476
N=5000000 t=0.474
N=5000000 t=0.473
N=5000000 t=0.473
Completed iterations for N=5000000
Number of procs=24
N=1000000
D=4
N=1000000 t=7.701
N=1000000 t=0.084
N=1000000 t=0.084
N=1000000 t=0.083
N=1000000 t=0.084
N=1000000 t=0.084
N=1000000 t=0.084
N=1000000 t=0.085
N=1000000 t=0.083
Completed iterations for N=1000000
Number of procs=24
N=2000000
D=4
N=2000000 t=17.326
N=2000000 t=0.174
N=2000000 t=0.203
N=2000000 t=0.170
N=2000000 t=0.171
N=2000000 t=0.171
N=2000000 t=0.171
N=2000000 t=0.172
N=2000000 t=0.171
Completed iterations for N=2000000
Number of procs=24
N=3000000
D=4
N=3000000 t=22.434
N=3000000 t=0.274
N=3000000 t=0.288
N=3000000 t=0.270
N=3000000 t=0.274
N=3000000 t=0.278
N=3000000 t=0.272
N=3000000 t=0.278
N=3000000 t=0.270
Completed iterations for N=3000000
Number of procs=24
N=4000000
D=4
N=4000000 t=28.036
N=4000000 t=0.400
N=4000000 t=0.403
N=4000000 t=0.404
N=4000000 t=0.391
N=4000000 t=0.398
N=4000000 t=0.398
N=4000000 t=0.402
N=4000000 t=0.409
Completed iterations for N=4000000
Number of procs=24
N=5000000
D=4
N=5000000 t=35.300
N=5000000 t=0.524
N=5000000 t=0.520
N=5000000 t=0.510
N=5000000 t=0.531
N=5000000 t=0.527
N=5000000 t=0.514
N=5000000 t=0.533
N=5000000 t=0.525
Completed iterations for N=5000000
Number of procs=20
N=1000000
D=4
N=1000000 t=7.545
N=1000000 t=0.096
N=1000000 t=0.126
N=1000000 t=0.098
N=1000000 t=0.096
N=1000000 t=0.096
N=1000000 t=0.097
N=1000000 t=0.095
N=1000000 t=0.096
Completed iterations for N=1000000
Number of procs=20
N=2000000
D=4
N=2000000 t=1.467
N=2000000 t=0.197
N=2000000 t=0.219
N=2000000 t=0.200
N=2000000 t=0.199
N=2000000 t=0.195
N=2000000 t=0.199
N=2000000 t=0.196
N=2000000 t=0.194
Completed iterations for N=2000000
Number of procs=20
N=3000000
D=4
N=3000000 t=1.287
N=3000000 t=0.320
N=3000000 t=0.324
N=3000000 t=0.317
N=3000000 t=0.318
N=3000000 t=0.315
N=3000000 t=0.314
N=3000000 t=0.319
N=3000000 t=0.313
Completed iterations for N=3000000
Number of procs=20
N=4000000
D=4
N=4000000 t=2.269
N=4000000 t=0.457
N=4000000 t=0.449
N=4000000 t=0.453
N=4000000 t=0.456
N=4000000 t=0.450
N=4000000 t=0.444
N=4000000 t=0.444
N=4000000 t=0.443
Completed iterations for N=4000000
Number of procs=20
N=5000000
D=4
N=5000000 t=35.495
N=5000000 t=0.610
N=5000000 t=0.600
N=5000000 t=0.602
N=5000000 t=0.602
N=5000000 t=0.594
N=5000000 t=0.589
N=5000000 t=0.600
N=5000000 t=0.594
Completed iterations for N=5000000
Number of procs=16
N=1000000
D=4
N=1000000 t=7.826
N=1000000 t=0.112
N=1000000 t=0.112
N=1000000 t=0.113
N=1000000 t=0.109
N=1000000 t=0.111
N=1000000 t=0.110
N=1000000 t=0.110
N=1000000 t=0.111
Completed iterations for N=1000000
Number of procs=16
N=2000000
D=4
N=2000000 t=16.770
N=2000000 t=0.234
N=2000000 t=0.230
N=2000000 t=0.228
N=2000000 t=0.225
N=2000000 t=0.228
N=2000000 t=0.228
N=2000000 t=0.225
N=2000000 t=0.226
Completed iterations for N=2000000
Number of procs=16
N=3000000
D=4
N=3000000 t=22.648
N=3000000 t=0.368
N=3000000 t=0.381
N=3000000 t=0.369
N=3000000 t=0.365
N=3000000 t=0.368
N=3000000 t=0.368
N=3000000 t=0.366
N=3000000 t=0.374
Completed iterations for N=3000000
Number of procs=16
N=4000000
D=4
N=4000000 t=2.295
N=4000000 t=0.558
N=4000000 t=0.535
N=4000000 t=0.537
N=4000000 t=0.545
N=4000000 t=0.540
N=4000000 t=0.524
N=4000000 t=0.526
N=4000000 t=0.531
Completed iterations for N=4000000
Number of procs=16
N=5000000
D=4
N=5000000 t=39.539
N=5000000 t=0.715
N=5000000 t=0.712
N=5000000 t=0.702
N=5000000 t=0.715
N=5000000 t=0.730
N=5000000 t=0.706
N=5000000 t=0.703
N=5000000 t=0.704
Completed iterations for N=5000000
Number of procs=12
N=1000000
D=4
N=1000000 t=8.375
N=1000000 t=0.148
N=1000000 t=0.167
N=1000000 t=0.140
N=1000000 t=0.140
N=1000000 t=0.140
N=1000000 t=0.140
N=1000000 t=0.139
N=1000000 t=0.140
Completed iterations for N=1000000
Number of procs=12
N=2000000
D=4
N=2000000 t=14.601
N=2000000 t=0.296
N=2000000 t=0.288
N=2000000 t=0.287
N=2000000 t=0.287
N=2000000 t=0.289
N=2000000 t=0.290
N=2000000 t=0.290
N=2000000 t=0.290
Completed iterations for N=2000000
Number of procs=12
N=3000000
D=4
N=3000000 t=22.564
N=3000000 t=0.473
N=3000000 t=0.478
N=3000000 t=0.469
N=3000000 t=0.467
N=3000000 t=0.470
N=3000000 t=0.468
N=3000000 t=0.463
N=3000000 t=0.469
Completed iterations for N=3000000
Number of procs=12
N=4000000
D=4
N=4000000 t=3.060
N=4000000 t=0.675
N=4000000 t=0.700
N=4000000 t=0.689
N=4000000 t=0.672
N=4000000 t=0.681
N=4000000 t=0.694
N=4000000 t=0.682
N=4000000 t=0.683
Completed iterations for N=4000000
Number of procs=12
N=5000000
D=4
N=5000000 t=2.958
N=5000000 t=0.887
N=5000000 t=0.898
N=5000000 t=0.894
N=5000000 t=0.896
N=5000000 t=0.901
N=5000000 t=0.894
N=5000000 t=0.905
N=5000000 t=0.893
Completed iterations for N=5000000
Number of procs=8
N=1000000
D=4
N=1000000 t=7.954
N=1000000 t=0.206
N=1000000 t=0.203
N=1000000 t=0.199
N=1000000 t=0.199
N=1000000 t=0.210
N=1000000 t=0.199
N=1000000 t=0.198
N=1000000 t=0.197
Completed iterations for N=1000000
Number of procs=8
N=2000000
D=4
N=2000000 t=0.686
N=2000000 t=0.424
N=2000000 t=0.425
N=2000000 t=0.421
N=2000000 t=0.410
N=2000000 t=0.406
N=2000000 t=0.407
N=2000000 t=0.407
N=2000000 t=0.408
Completed iterations for N=2000000
Number of procs=8
N=3000000
D=4
N=3000000 t=0.987
N=3000000 t=0.679
N=3000000 t=0.683
N=3000000 t=0.646
N=3000000 t=0.656
N=3000000 t=0.650
N=3000000 t=0.652
N=3000000 t=0.660
N=3000000 t=0.653
Completed iterations for N=3000000
Number of procs=8
N=4000000
D=4
N=4000000 t=1.951
N=4000000 t=0.935
N=4000000 t=0.958
N=4000000 t=0.945
N=4000000 t=0.940
N=4000000 t=0.933
N=4000000 t=0.940
N=4000000 t=0.930
N=4000000 t=0.955
Completed iterations for N=4000000
Number of procs=8
N=5000000
D=4
N=5000000 t=39.323
N=5000000 t=1.257
N=5000000 t=1.264
N=5000000 t=1.248
N=5000000 t=1.246
N=5000000 t=1.262
N=5000000 t=1.250
N=5000000 t=1.253
N=5000000 t=1.267
Completed iterations for N=5000000
Number of procs=6
N=1000000
D=4
N=1000000 t=7.590
N=1000000 t=0.269
N=1000000 t=0.259
N=1000000 t=0.257
N=1000000 t=0.261
N=1000000 t=0.266
N=1000000 t=0.257
N=1000000 t=0.257
N=1000000 t=0.257
